2023-08-21 18:27:46.797 [info] Extension host with pid 14123 started
2023-08-21 18:27:47.212 [info] ExtensionService#_doActivateExtension vscode.git-base, startup: true, activationEvent: '*', root cause: vscode.git
2023-08-21 18:27:47.239 [info] ExtensionService#_doActivateExtension vscode.github-authentication, startup: false, activationEvent: 'onAuthenticationRequest:github'
2023-08-21 18:27:47.411 [info] ExtensionService#_doActivateExtension vscode.git, startup: true, activationEvent: '*'
2023-08-21 18:27:47.532 [info] ExtensionService#_doActivateExtension vscode.github, startup: true, activationEvent: '*'
2023-08-21 18:27:47.814 [info] Eager extensions activated
2023-08-21 18:27:47.815 [info] ExtensionService#_doActivateExtension vscode.microsoft-authentication, startup: false, activationEvent: 'onAuthenticationRequest:microsoft'
2023-08-21 18:27:47.889 [info] ExtensionService#_doActivateExtension vscode.debug-auto-launch, startup: false, activationEvent: 'onStartupFinished'
2023-08-21 18:27:47.893 [info] ExtensionService#_doActivateExtension vscode.merge-conflict, startup: false, activationEvent: 'onStartupFinished'
2023-08-21 18:27:56.842 [info] Extension host terminating: renderer closed the MessagePort
2023-08-21 18:27:56.857 [info] Extension host with pid 14123 exiting with code 0
2023-08-21 18:27:58.587 [info] Extension host with pid 14190 started
2023-08-21 18:27:58.587 [info] Skipping acquiring lock for /root/fmdev/~/root/fmdev/User/workspaceStorage/5fc684f2ad51776c2c1b04a7be31994b.
2023-08-21 18:27:58.639 [info] ExtensionService#_doActivateExtension vscode.git-base, startup: true, activationEvent: '*'
2023-08-21 18:27:58.706 [info] ExtensionService#_doActivateExtension vscode.github, startup: true, activationEvent: '*'
2023-08-21 18:27:58.755 [info] Eager extensions activated
2023-08-21 18:27:58.768 [info] ExtensionService#_doActivateExtension vscode.debug-auto-launch, startup: false, activationEvent: 'onStartupFinished'
2023-08-21 18:27:58.772 [info] ExtensionService#_doActivateExtension vscode.merge-conflict, startup: false, activationEvent: 'onStartupFinished'
2023-08-21 18:27:59.086 [info] ExtensionService#_doActivateExtension vscode.github-authentication, startup: false, activationEvent: 'onAuthenticationRequest:github'
2023-08-21 18:27:59.148 [info] ExtensionService#_doActivateExtension vscode.microsoft-authentication, startup: false, activationEvent: 'onAuthenticationRequest:microsoft'
2023-08-21 18:28:03.262 [info] ExtensionService#_doActivateExtension vscode.git, startup: false, activationEvent: 'api', root cause: vscode.github
2023-08-21 18:28:36.371 [info] ExtensionService#_doActivateExtension vscode.typescript-language-features, startup: false, activationEvent: 'onLanguage:javascript'
2023-08-21 18:28:36.439 [info] ExtensionService#_doActivateExtension vscode.emmet, startup: false, activationEvent: 'onLanguage'
2023-08-21 19:01:12.053 [info] ExtensionService#_doActivateExtension vscode.json-language-features, startup: false, activationEvent: 'onLanguage:jsonc'
2023-08-21 19:36:36.641 [warning] [Decorations] CAPPING events from decorations provider vscode.git 251
2023-08-21 19:37:21.563 [warning] [Decorations] CAPPING events from decorations provider vscode.git 251
2023-08-21 19:37:26.665 [warning] [Decorations] CAPPING events from decorations provider vscode.git 252
2023-08-21 19:37:31.742 [warning] [Decorations] CAPPING events from decorations provider vscode.git 251
2023-08-21 19:37:36.805 [warning] [Decorations] CAPPING events from decorations provider vscode.git 251
2023-08-21 19:37:41.858 [warning] [Decorations] CAPPING events from decorations provider vscode.git 251
2023-08-21 19:37:50.763 [warning] [Decorations] CAPPING events from decorations provider vscode.git 252
2023-08-21 19:37:55.838 [warning] [Decorations] CAPPING events from decorations provider vscode.git 252
2023-08-21 19:38:00.882 [warning] [Decorations] CAPPING events from decorations provider vscode.git 252
2023-08-21 19:38:05.932 [warning] [Decorations] CAPPING events from decorations provider vscode.git 252
2023-08-21 19:38:11.108 [warning] [Decorations] CAPPING events from decorations provider vscode.git 252
2023-08-21 19:38:16.153 [warning] [Decorations] CAPPING events from decorations provider vscode.git 252
2023-08-21 19:38:21.189 [warning] [Decorations] CAPPING events from decorations provider vscode.git 252
2023-08-21 19:38:26.232 [warning] [Decorations] CAPPING events from decorations provider vscode.git 252
2023-08-21 19:38:31.270 [warning] [Decorations] CAPPING events from decorations provider vscode.git 252
2023-08-21 19:38:36.310 [warning] [Decorations] CAPPING events from decorations provider vscode.git 252
2023-08-21 19:38:41.348 [warning] [Decorations] CAPPING events from decorations provider vscode.git 252
2023-08-21 19:38:46.392 [warning] [Decorations] CAPPING events from decorations provider vscode.git 252
2023-08-21 19:38:51.523 [warning] [Decorations] CAPPING events from decorations provider vscode.git 252
2023-08-21 19:38:56.571 [warning] [Decorations] CAPPING events from decorations provider vscode.git 252
2023-08-21 19:39:01.688 [warning] [Decorations] CAPPING events from decorations provider vscode.git 252
2023-08-21 19:39:06.773 [warning] [Decorations] CAPPING events from decorations provider vscode.git 252
2023-08-21 19:39:11.818 [warning] [Decorations] CAPPING events from decorations provider vscode.git 252
2023-08-21 19:39:16.875 [warning] [Decorations] CAPPING events from decorations provider vscode.git 253
2023-08-21 19:39:21.935 [warning] [Decorations] CAPPING events from decorations provider vscode.git 253
2023-08-21 19:39:26.977 [warning] [Decorations] CAPPING events from decorations provider vscode.git 254
2023-08-21 19:39:39.398 [warning] [Decorations] CAPPING events from decorations provider vscode.git 253
2023-08-21 19:39:44.466 [warning] [Decorations] CAPPING events from decorations provider vscode.git 253
2023-08-21 19:39:49.542 [warning] [Decorations] CAPPING events from decorations provider vscode.git 254
2023-08-21 19:41:29.779 [warning] [Decorations] CAPPING events from decorations provider vscode.git 255
2023-08-21 19:41:34.840 [warning] [Decorations] CAPPING events from decorations provider vscode.git 254
2023-08-21 19:41:39.880 [warning] [Decorations] CAPPING events from decorations provider vscode.git 254
2023-08-21 19:41:43.277 [info] ExtensionService#_doActivateExtension vscode.extension-editing, startup: false, activationEvent: 'onLanguage:markdown'
2023-08-21 19:41:43.379 [info] ExtensionService#_doActivateExtension vscode.markdown-language-features, startup: false, activationEvent: 'onLanguage:markdown'
2023-08-21 19:41:45.009 [warning] [Decorations] CAPPING events from decorations provider vscode.git 254
2023-08-21 19:41:45.837 [info] ExtensionService#_doActivateExtension vscode.markdown-math, startup: false, activationEvent: 'api', root cause: vscode.markdown-language-features
2023-08-21 19:41:50.056 [warning] [Decorations] CAPPING events from decorations provider vscode.git 254
2023-08-21 19:41:55.097 [warning] [Decorations] CAPPING events from decorations provider vscode.git 256
2023-08-21 19:42:00.136 [warning] [Decorations] CAPPING events from decorations provider vscode.git 257
2023-08-21 19:42:05.205 [warning] [Decorations] CAPPING events from decorations provider vscode.git 257
2023-08-21 19:42:10.250 [warning] [Decorations] CAPPING events from decorations provider vscode.git 257
2023-08-21 19:42:15.298 [warning] [Decorations] CAPPING events from decorations provider vscode.git 257
2023-08-21 19:42:20.342 [warning] [Decorations] CAPPING events from decorations provider vscode.git 257
2023-08-21 19:42:25.386 [warning] [Decorations] CAPPING events from decorations provider vscode.git 257
2023-08-21 19:42:30.428 [warning] [Decorations] CAPPING events from decorations provider vscode.git 257
2023-08-21 19:42:35.469 [warning] [Decorations] CAPPING events from decorations provider vscode.git 257
2023-08-21 19:42:40.524 [warning] [Decorations] CAPPING events from decorations provider vscode.git 257
2023-08-21 19:42:45.587 [warning] [Decorations] CAPPING events from decorations provider vscode.git 257
2023-08-21 19:42:50.640 [warning] [Decorations] CAPPING events from decorations provider vscode.git 257
2023-08-21 19:42:55.679 [warning] [Decorations] CAPPING events from decorations provider vscode.git 257
2023-08-21 19:43:00.722 [warning] [Decorations] CAPPING events from decorations provider vscode.git 257
2023-08-21 19:43:05.768 [warning] [Decorations] CAPPING events from decorations provider vscode.git 257
2023-08-21 19:43:10.815 [warning] [Decorations] CAPPING events from decorations provider vscode.git 257
2023-08-21 19:43:15.865 [warning] [Decorations] CAPPING events from decorations provider vscode.git 257
2023-08-21 19:43:20.906 [warning] [Decorations] CAPPING events from decorations provider vscode.git 257
2023-08-21 19:43:25.948 [warning] [Decorations] CAPPING events from decorations provider vscode.git 257
2023-08-21 19:43:30.989 [warning] [Decorations] CAPPING events from decorations provider vscode.git 257
2023-08-21 19:43:36.028 [warning] [Decorations] CAPPING events from decorations provider vscode.git 257
2023-08-21 19:43:41.128 [warning] [Decorations] CAPPING events from decorations provider vscode.git 257
2023-08-21 19:43:46.179 [warning] [Decorations] CAPPING events from decorations provider vscode.git 257
2023-08-21 19:43:51.222 [warning] [Decorations] CAPPING events from decorations provider vscode.git 257
2023-08-21 19:43:56.267 [warning] [Decorations] CAPPING events from decorations provider vscode.git 257
2023-08-21 19:44:01.305 [warning] [Decorations] CAPPING events from decorations provider vscode.git 257
2023-08-21 19:44:06.348 [warning] [Decorations] CAPPING events from decorations provider vscode.git 257
2023-08-21 19:44:11.412 [warning] [Decorations] CAPPING events from decorations provider vscode.git 257
2023-08-21 19:44:16.453 [warning] [Decorations] CAPPING events from decorations provider vscode.git 257
2023-08-21 19:45:51.355 [warning] [Decorations] CAPPING events from decorations provider vscode.git 257
2023-08-21 19:45:56.406 [warning] [Decorations] CAPPING events from decorations provider vscode.git 257
2023-08-21 19:46:01.468 [warning] [Decorations] CAPPING events from decorations provider vscode.git 257
2023-08-21 19:46:06.563 [warning] [Decorations] CAPPING events from decorations provider vscode.git 257
2023-08-21 19:46:11.610 [warning] [Decorations] CAPPING events from decorations provider vscode.git 257
2023-08-21 19:46:16.672 [warning] [Decorations] CAPPING events from decorations provider vscode.git 257
2023-08-21 19:46:21.768 [warning] [Decorations] CAPPING events from decorations provider vscode.git 258
2023-08-21 19:46:26.832 [warning] [Decorations] CAPPING events from decorations provider vscode.git 259
2023-08-21 19:46:31.877 [warning] [Decorations] CAPPING events from decorations provider vscode.git 258
2023-08-21 19:46:36.988 [warning] [Decorations] CAPPING events from decorations provider vscode.git 258
2023-08-21 19:46:42.061 [warning] [Decorations] CAPPING events from decorations provider vscode.git 258
2023-08-21 19:46:47.106 [warning] [Decorations] CAPPING events from decorations provider vscode.git 258
2023-08-21 19:46:52.157 [warning] [Decorations] CAPPING events from decorations provider vscode.git 258
2023-08-21 19:46:57.201 [warning] [Decorations] CAPPING events from decorations provider vscode.git 258
2023-08-21 19:47:02.257 [warning] [Decorations] CAPPING events from decorations provider vscode.git 258
2023-08-21 19:47:07.343 [warning] [Decorations] CAPPING events from decorations provider vscode.git 258
2023-08-21 19:47:12.381 [warning] [Decorations] CAPPING events from decorations provider vscode.git 258
2023-08-21 19:47:17.420 [warning] [Decorations] CAPPING events from decorations provider vscode.git 258
2023-08-21 19:47:22.464 [warning] [Decorations] CAPPING events from decorations provider vscode.git 258
2023-08-21 19:47:27.501 [warning] [Decorations] CAPPING events from decorations provider vscode.git 258
2023-08-21 19:47:32.541 [warning] [Decorations] CAPPING events from decorations provider vscode.git 258
2023-08-21 19:47:37.606 [warning] [Decorations] CAPPING events from decorations provider vscode.git 258
2023-08-21 19:47:42.647 [warning] [Decorations] CAPPING events from decorations provider vscode.git 258
2023-08-21 19:47:47.692 [warning] [Decorations] CAPPING events from decorations provider vscode.git 258
2023-08-21 19:47:52.732 [warning] [Decorations] CAPPING events from decorations provider vscode.git 258
2023-08-21 19:47:57.783 [warning] [Decorations] CAPPING events from decorations provider vscode.git 258
2023-08-21 19:48:02.841 [warning] [Decorations] CAPPING events from decorations provider vscode.git 258
2023-08-21 19:48:07.881 [warning] [Decorations] CAPPING events from decorations provider vscode.git 258
2023-08-21 19:48:12.934 [warning] [Decorations] CAPPING events from decorations provider vscode.git 258
2023-08-21 19:48:17.986 [warning] [Decorations] CAPPING events from decorations provider vscode.git 258
2023-08-21 19:48:23.027 [warning] [Decorations] CAPPING events from decorations provider vscode.git 258
2023-08-21 19:48:28.070 [warning] [Decorations] CAPPING events from decorations provider vscode.git 258
2023-08-21 19:48:33.115 [warning] [Decorations] CAPPING events from decorations provider vscode.git 258
2023-08-21 19:48:38.153 [warning] [Decorations] CAPPING events from decorations provider vscode.git 258
2023-08-21 19:48:43.202 [warning] [Decorations] CAPPING events from decorations provider vscode.git 258
2023-08-21 19:48:48.242 [warning] [Decorations] CAPPING events from decorations provider vscode.git 258
2023-08-21 19:48:53.288 [warning] [Decorations] CAPPING events from decorations provider vscode.git 258
2023-08-21 19:48:58.326 [warning] [Decorations] CAPPING events from decorations provider vscode.git 258
2023-08-21 19:49:03.371 [warning] [Decorations] CAPPING events from decorations provider vscode.git 258
2023-08-21 19:49:08.415 [warning] [Decorations] CAPPING events from decorations provider vscode.git 258
2023-08-21 19:49:13.466 [warning] [Decorations] CAPPING events from decorations provider vscode.git 258
2023-08-21 19:49:18.512 [warning] [Decorations] CAPPING events from decorations provider vscode.git 258
2023-08-21 19:49:23.557 [warning] [Decorations] CAPPING events from decorations provider vscode.git 258
2023-08-21 19:49:28.606 [warning] [Decorations] CAPPING events from decorations provider vscode.git 258
2023-08-21 19:49:33.659 [warning] [Decorations] CAPPING events from decorations provider vscode.git 258
2023-08-21 19:49:38.707 [warning] [Decorations] CAPPING events from decorations provider vscode.git 258
2023-08-21 19:49:43.759 [warning] [Decorations] CAPPING events from decorations provider vscode.git 258
2023-08-21 19:49:48.810 [warning] [Decorations] CAPPING events from decorations provider vscode.git 258
2023-08-21 19:49:53.854 [warning] [Decorations] CAPPING events from decorations provider vscode.git 258
2023-08-21 19:49:58.898 [warning] [Decorations] CAPPING events from decorations provider vscode.git 258
2023-08-21 19:50:03.944 [warning] [Decorations] CAPPING events from decorations provider vscode.git 258
2023-08-21 19:50:08.989 [warning] [Decorations] CAPPING events from decorations provider vscode.git 258
2023-08-21 19:50:14.036 [warning] [Decorations] CAPPING events from decorations provider vscode.git 258
2023-08-21 19:50:19.074 [warning] [Decorations] CAPPING events from decorations provider vscode.git 258
2023-08-21 19:50:24.117 [warning] [Decorations] CAPPING events from decorations provider vscode.git 258
2023-08-21 19:50:29.157 [warning] [Decorations] CAPPING events from decorations provider vscode.git 258
2023-08-21 19:50:34.201 [warning] [Decorations] CAPPING events from decorations provider vscode.git 258
2023-08-21 19:50:39.271 [warning] [Decorations] CAPPING events from decorations provider vscode.git 258
2023-08-21 19:50:44.348 [warning] [Decorations] CAPPING events from decorations provider vscode.git 258
2023-08-21 19:50:49.435 [warning] [Decorations] CAPPING events from decorations provider vscode.git 258
2023-08-21 19:50:54.473 [warning] [Decorations] CAPPING events from decorations provider vscode.git 258
2023-08-21 19:50:59.513 [warning] [Decorations] CAPPING events from decorations provider vscode.git 258
2023-08-21 19:51:04.557 [warning] [Decorations] CAPPING events from decorations provider vscode.git 258
2023-08-21 19:51:09.620 [warning] [Decorations] CAPPING events from decorations provider vscode.git 258
2023-08-21 19:51:14.664 [warning] [Decorations] CAPPING events from decorations provider vscode.git 258
2023-08-21 19:51:19.785 [warning] [Decorations] CAPPING events from decorations provider vscode.git 258
2023-08-21 19:51:24.872 [warning] [Decorations] CAPPING events from decorations provider vscode.git 258
2023-08-21 19:51:29.920 [warning] [Decorations] CAPPING events from decorations provider vscode.git 259
2023-08-21 19:51:34.970 [warning] [Decorations] CAPPING events from decorations provider vscode.git 259
2023-08-21 19:51:40.065 [warning] [Decorations] CAPPING events from decorations provider vscode.git 259
2023-08-21 19:51:45.150 [warning] [Decorations] CAPPING events from decorations provider vscode.git 259
2023-08-21 19:51:50.205 [warning] [Decorations] CAPPING events from decorations provider vscode.git 259
2023-08-21 19:51:55.308 [warning] [Decorations] CAPPING events from decorations provider vscode.git 259
2023-08-21 19:52:03.044 [warning] [Decorations] CAPPING events from decorations provider vscode.git 260
2023-08-21 19:52:16.330 [warning] [Decorations] CAPPING events from decorations provider vscode.git 259
2023-08-21 19:52:21.387 [warning] [Decorations] CAPPING events from decorations provider vscode.git 259
2023-08-21 19:52:26.453 [warning] [Decorations] CAPPING events from decorations provider vscode.git 259
2023-08-21 19:52:31.513 [warning] [Decorations] CAPPING events from decorations provider vscode.git 259
2023-08-21 19:52:36.557 [warning] [Decorations] CAPPING events from decorations provider vscode.git 259
2023-08-21 19:52:44.839 [warning] [Decorations] CAPPING events from decorations provider vscode.git 259
2023-08-21 19:52:49.882 [warning] [Decorations] CAPPING events from decorations provider vscode.git 259
2023-08-21 19:52:54.936 [warning] [Decorations] CAPPING events from decorations provider vscode.git 259
2023-08-21 19:53:00.008 [warning] [Decorations] CAPPING events from decorations provider vscode.git 260
2023-08-21 19:53:05.061 [warning] [Decorations] CAPPING events from decorations provider vscode.git 260
2023-08-21 19:53:10.108 [warning] [Decorations] CAPPING events from decorations provider vscode.git 261
2023-08-21 19:53:15.181 [warning] [Decorations] CAPPING events from decorations provider vscode.git 260
2023-08-21 19:53:20.251 [warning] [Decorations] CAPPING events from decorations provider vscode.git 260
2023-08-21 19:53:39.585 [warning] [Decorations] CAPPING events from decorations provider vscode.git 261
2023-08-21 19:53:44.644 [warning] [Decorations] CAPPING events from decorations provider vscode.git 261
2023-08-21 19:53:49.695 [warning] [Decorations] CAPPING events from decorations provider vscode.git 261
2023-08-21 19:53:54.746 [warning] [Decorations] CAPPING events from decorations provider vscode.git 261
2023-08-21 19:53:59.808 [warning] [Decorations] CAPPING events from decorations provider vscode.git 262
2023-08-21 19:54:04.853 [warning] [Decorations] CAPPING events from decorations provider vscode.git 262
2023-08-21 19:54:09.895 [warning] [Decorations] CAPPING events from decorations provider vscode.git 262
2023-08-21 19:54:14.969 [warning] [Decorations] CAPPING events from decorations provider vscode.git 262
2023-08-21 19:54:20.067 [warning] [Decorations] CAPPING events from decorations provider vscode.git 262
2023-08-21 19:54:25.113 [warning] [Decorations] CAPPING events from decorations provider vscode.git 262
2023-08-21 19:54:30.156 [warning] [Decorations] CAPPING events from decorations provider vscode.git 263
2023-08-21 19:54:35.232 [warning] [Decorations] CAPPING events from decorations provider vscode.git 262
2023-08-21 19:54:40.280 [warning] [Decorations] CAPPING events from decorations provider vscode.git 262
2023-08-21 19:54:45.326 [warning] [Decorations] CAPPING events from decorations provider vscode.git 262
2023-08-21 19:54:57.410 [warning] [Decorations] CAPPING events from decorations provider vscode.git 262
2023-08-21 19:55:02.454 [warning] [Decorations] CAPPING events from decorations provider vscode.git 262
2023-08-21 19:55:07.503 [warning] [Decorations] CAPPING events from decorations provider vscode.git 262
2023-08-21 19:55:12.543 [warning] [Decorations] CAPPING events from decorations provider vscode.git 262
2023-08-21 19:55:17.599 [warning] [Decorations] CAPPING events from decorations provider vscode.git 262
2023-08-21 19:55:22.643 [warning] [Decorations] CAPPING events from decorations provider vscode.git 262
2023-08-21 19:55:27.685 [warning] [Decorations] CAPPING events from decorations provider vscode.git 262
2023-08-21 19:55:32.742 [warning] [Decorations] CAPPING events from decorations provider vscode.git 262
2023-08-21 19:55:37.938 [warning] [Decorations] CAPPING events from decorations provider vscode.git 263
2023-08-21 19:55:42.986 [warning] [Decorations] CAPPING events from decorations provider vscode.git 263
2023-08-21 19:55:48.041 [warning] [Decorations] CAPPING events from decorations provider vscode.git 263
2023-08-21 19:55:53.093 [warning] [Decorations] CAPPING events from decorations provider vscode.git 263
2023-08-21 19:55:58.141 [warning] [Decorations] CAPPING events from decorations provider vscode.git 263
2023-08-21 19:56:03.182 [warning] [Decorations] CAPPING events from decorations provider vscode.git 263
2023-08-21 19:56:08.224 [warning] [Decorations] CAPPING events from decorations provider vscode.git 263
2023-08-21 19:56:13.267 [warning] [Decorations] CAPPING events from decorations provider vscode.git 263
2023-08-21 19:56:18.366 [warning] [Decorations] CAPPING events from decorations provider vscode.git 263
2023-08-21 19:56:28.743 [warning] [Decorations] CAPPING events from decorations provider vscode.git 263
2023-08-21 19:56:33.796 [warning] [Decorations] CAPPING events from decorations provider vscode.git 263
2023-08-21 19:56:38.920 [warning] [Decorations] CAPPING events from decorations provider vscode.git 263
2023-08-21 19:56:43.979 [warning] [Decorations] CAPPING events from decorations provider vscode.git 263
2023-08-21 19:56:49.169 [warning] [Decorations] CAPPING events from decorations provider vscode.git 264
2023-08-21 19:56:54.526 [warning] [Decorations] CAPPING events from decorations provider vscode.git 264
2023-08-21 19:56:59.663 [warning] [Decorations] CAPPING events from decorations provider vscode.git 265
2023-08-21 19:57:04.729 [warning] [Decorations] CAPPING events from decorations provider vscode.git 272
2023-08-21 19:57:09.791 [warning] [Decorations] CAPPING events from decorations provider vscode.git 266
2023-08-21 19:57:14.891 [warning] [Decorations] CAPPING events from decorations provider vscode.git 267
2023-08-21 19:57:26.051 [warning] [Decorations] CAPPING events from decorations provider vscode.git 267
2023-08-21 19:57:31.148 [warning] [Decorations] CAPPING events from decorations provider vscode.git 267
2023-08-21 19:57:36.194 [warning] [Decorations] CAPPING events from decorations provider vscode.git 267
2023-08-21 19:57:47.930 [warning] [Decorations] CAPPING events from decorations provider vscode.git 268
2023-08-21 19:57:52.988 [warning] [Decorations] CAPPING events from decorations provider vscode.git 268
2023-08-21 19:57:58.056 [warning] [Decorations] CAPPING events from decorations provider vscode.git 268
2023-08-21 19:58:03.134 [warning] [Decorations] CAPPING events from decorations provider vscode.git 268
2023-08-21 19:58:08.174 [warning] [Decorations] CAPPING events from decorations provider vscode.git 268
2023-08-21 19:58:13.277 [warning] [Decorations] CAPPING events from decorations provider vscode.git 268
2023-08-21 19:58:18.315 [warning] [Decorations] CAPPING events from decorations provider vscode.git 268
2023-08-21 19:58:23.450 [warning] [Decorations] CAPPING events from decorations provider vscode.git 269
2023-08-21 19:58:33.322 [warning] [Decorations] CAPPING events from decorations provider vscode.git 269
2023-08-21 19:58:38.363 [warning] [Decorations] CAPPING events from decorations provider vscode.git 269
2023-08-21 19:58:43.452 [warning] [Decorations] CAPPING events from decorations provider vscode.git 270
2023-08-21 19:58:48.512 [warning] [Decorations] CAPPING events from decorations provider vscode.git 271
2023-08-21 19:58:53.563 [warning] [Decorations] CAPPING events from decorations provider vscode.git 270
2023-08-21 19:58:58.639 [warning] [Decorations] CAPPING events from decorations provider vscode.git 270
2023-08-21 19:59:03.700 [warning] [Decorations] CAPPING events from decorations provider vscode.git 270
2023-08-21 19:59:08.744 [warning] [Decorations] CAPPING events from decorations provider vscode.git 270
2023-08-21 19:59:13.826 [warning] [Decorations] CAPPING events from decorations provider vscode.git 270
2023-08-21 19:59:21.943 [warning] [Decorations] CAPPING events from decorations provider vscode.git 271
2023-08-21 19:59:34.323 [warning] [Decorations] CAPPING events from decorations provider vscode.git 272
2023-08-21 19:59:39.376 [warning] [Decorations] CAPPING events from decorations provider vscode.git 272
2023-08-21 19:59:44.433 [warning] [Decorations] CAPPING events from decorations provider vscode.git 272
2023-08-21 19:59:49.485 [warning] [Decorations] CAPPING events from decorations provider vscode.git 272
2023-08-21 19:59:54.530 [warning] [Decorations] CAPPING events from decorations provider vscode.git 273
2023-08-21 19:59:59.589 [warning] [Decorations] CAPPING events from decorations provider vscode.git 274
2023-08-21 20:00:04.687 [warning] [Decorations] CAPPING events from decorations provider vscode.git 273
2023-08-21 20:00:09.747 [warning] [Decorations] CAPPING events from decorations provider vscode.git 273
2023-08-21 20:00:14.848 [warning] [Decorations] CAPPING events from decorations provider vscode.git 273
2023-08-21 20:00:20.047 [warning] [Decorations] CAPPING events from decorations provider vscode.git 274
2023-08-21 20:00:25.329 [warning] [Decorations] CAPPING events from decorations provider vscode.git 274
2023-08-21 20:00:30.386 [warning] [Decorations] CAPPING events from decorations provider vscode.git 274
2023-08-21 20:00:35.515 [warning] [Decorations] CAPPING events from decorations provider vscode.git 274
2023-08-21 20:00:40.685 [warning] [Decorations] CAPPING events from decorations provider vscode.git 275
2023-08-21 20:00:45.749 [warning] [Decorations] CAPPING events from decorations provider vscode.git 275
2023-08-21 20:00:50.823 [warning] [Decorations] CAPPING events from decorations provider vscode.git 275
2023-08-21 20:00:57.537 [warning] [Decorations] CAPPING events from decorations provider vscode.git 276
2023-08-21 20:01:02.620 [warning] [Decorations] CAPPING events from decorations provider vscode.git 276
2023-08-21 20:01:07.669 [warning] [Decorations] CAPPING events from decorations provider vscode.git 277
2023-08-21 20:01:12.773 [warning] [Decorations] CAPPING events from decorations provider vscode.git 277
2023-08-21 20:01:18.270 [warning] [Decorations] CAPPING events from decorations provider vscode.git 278
2023-08-21 20:01:23.318 [warning] [Decorations] CAPPING events from decorations provider vscode.git 277
2023-08-21 20:01:28.401 [warning] [Decorations] CAPPING events from decorations provider vscode.git 277
2023-08-21 20:01:33.454 [warning] [Decorations] CAPPING events from decorations provider vscode.git 278
2023-08-21 20:01:38.510 [warning] [Decorations] CAPPING events from decorations provider vscode.git 278
2023-08-21 20:01:43.557 [warning] [Decorations] CAPPING events from decorations provider vscode.git 278
2023-08-21 20:01:50.915 [warning] [Decorations] CAPPING events from decorations provider vscode.git 279
2023-08-21 20:01:55.978 [warning] [Decorations] CAPPING events from decorations provider vscode.git 279
2023-08-21 20:02:01.035 [warning] [Decorations] CAPPING events from decorations provider vscode.git 279
2023-08-21 20:02:06.115 [warning] [Decorations] CAPPING events from decorations provider vscode.git 280
2023-08-21 20:02:15.645 [warning] [Decorations] CAPPING events from decorations provider vscode.git 281
2023-08-21 20:02:20.695 [warning] [Decorations] CAPPING events from decorations provider vscode.git 280
2023-08-21 20:02:25.788 [warning] [Decorations] CAPPING events from decorations provider vscode.git 281
2023-08-21 20:02:30.828 [warning] [Decorations] CAPPING events from decorations provider vscode.git 281
2023-08-21 20:02:35.867 [warning] [Decorations] CAPPING events from decorations provider vscode.git 281
2023-08-21 20:02:47.872 [warning] [Decorations] CAPPING events from decorations provider vscode.git 282
2023-08-21 20:02:52.923 [warning] [Decorations] CAPPING events from decorations provider vscode.git 281
2023-08-21 20:02:57.976 [warning] [Decorations] CAPPING events from decorations provider vscode.git 281
2023-08-21 20:03:03.066 [warning] [Decorations] CAPPING events from decorations provider vscode.git 282
2023-08-21 20:03:08.164 [warning] [Decorations] CAPPING events from decorations provider vscode.git 283
2023-08-21 20:03:13.203 [warning] [Decorations] CAPPING events from decorations provider vscode.git 282
2023-08-21 20:03:18.245 [warning] [Decorations] CAPPING events from decorations provider vscode.git 282
2023-08-21 20:03:23.285 [warning] [Decorations] CAPPING events from decorations provider vscode.git 282
2023-08-21 20:03:28.338 [warning] [Decorations] CAPPING events from decorations provider vscode.git 283
2023-08-21 20:03:33.400 [warning] [Decorations] CAPPING events from decorations provider vscode.git 283
2023-08-21 20:03:38.476 [warning] [Decorations] CAPPING events from decorations provider vscode.git 283
2023-08-21 20:03:50.120 [warning] [Decorations] CAPPING events from decorations provider vscode.git 284
2023-08-21 20:03:55.184 [warning] [Decorations] CAPPING events from decorations provider vscode.git 283
2023-08-21 20:04:00.459 [warning] [Decorations] CAPPING events from decorations provider vscode.git 284
2023-08-21 20:04:05.518 [warning] [Decorations] CAPPING events from decorations provider vscode.git 284
2023-08-21 20:04:10.560 [warning] [Decorations] CAPPING events from decorations provider vscode.git 284
2023-08-21 20:04:15.602 [warning] [Decorations] CAPPING events from decorations provider vscode.git 285
2023-08-21 20:04:20.680 [warning] [Decorations] CAPPING events from decorations provider vscode.git 285
2023-08-21 20:04:25.746 [warning] [Decorations] CAPPING events from decorations provider vscode.git 286
2023-08-21 20:04:32.213 [warning] [Decorations] CAPPING events from decorations provider vscode.git 286
2023-08-21 20:04:37.289 [warning] [Decorations] CAPPING events from decorations provider vscode.git 286
2023-08-21 20:04:42.393 [warning] [Decorations] CAPPING events from decorations provider vscode.git 287
2023-08-21 20:04:47.435 [warning] [Decorations] CAPPING events from decorations provider vscode.git 287
2023-08-21 20:04:52.546 [warning] [Decorations] CAPPING events from decorations provider vscode.git 287
2023-08-21 20:04:57.618 [warning] [Decorations] CAPPING events from decorations provider vscode.git 287
2023-08-21 20:05:02.668 [warning] [Decorations] CAPPING events from decorations provider vscode.git 287
2023-08-21 20:05:07.714 [warning] [Decorations] CAPPING events from decorations provider vscode.git 287
2023-08-21 20:05:12.764 [warning] [Decorations] CAPPING events from decorations provider vscode.git 287
2023-08-21 20:05:17.821 [warning] [Decorations] CAPPING events from decorations provider vscode.git 287
2023-08-21 20:05:26.568 [warning] [Decorations] CAPPING events from decorations provider vscode.git 288
2023-08-21 20:05:31.613 [warning] [Decorations] CAPPING events from decorations provider vscode.git 287
2023-08-21 20:05:52.468 [warning] [Decorations] CAPPING events from decorations provider vscode.git 289
2023-08-21 20:05:57.533 [warning] [Decorations] CAPPING events from decorations provider vscode.git 289
2023-08-21 20:06:09.238 [warning] [Decorations] CAPPING events from decorations provider vscode.git 289
2023-08-21 20:06:14.320 [warning] [Decorations] CAPPING events from decorations provider vscode.git 290
2023-08-21 20:06:21.607 [warning] [Decorations] CAPPING events from decorations provider vscode.git 291
2023-08-21 20:06:26.689 [warning] [Decorations] CAPPING events from decorations provider vscode.git 291
2023-08-21 20:06:31.866 [warning] [Decorations] CAPPING events from decorations provider vscode.git 291
2023-08-21 20:06:37.063 [warning] [Decorations] CAPPING events from decorations provider vscode.git 292
2023-08-21 20:06:47.446 [warning] [Decorations] CAPPING events from decorations provider vscode.git 292
2023-08-21 20:06:52.638 [warning] [Decorations] CAPPING events from decorations provider vscode.git 293
2023-08-21 20:06:57.718 [warning] [Decorations] CAPPING events from decorations provider vscode.git 293
2023-08-21 20:07:02.837 [warning] [Decorations] CAPPING events from decorations provider vscode.git 294
2023-08-21 20:07:08.202 [warning] [Decorations] CAPPING events from decorations provider vscode.git 294
2023-08-21 20:07:13.260 [warning] [Decorations] CAPPING events from decorations provider vscode.git 286
2023-08-21 20:07:18.319 [warning] [Decorations] CAPPING events from decorations provider vscode.git 286
2023-08-21 20:07:23.360 [warning] [Decorations] CAPPING events from decorations provider vscode.git 286
2023-08-21 20:07:28.407 [warning] [Decorations] CAPPING events from decorations provider vscode.git 287
2023-08-21 20:07:33.588 [warning] [Decorations] CAPPING events from decorations provider vscode.git 287
2023-08-21 20:16:55.671 [warning] [Decorations] CAPPING events from decorations provider vscode.git 289
2023-08-21 20:17:00.720 [warning] [Decorations] CAPPING events from decorations provider vscode.git 286
2023-08-21 20:17:05.775 [warning] [Decorations] CAPPING events from decorations provider vscode.git 286
2023-08-21 20:17:10.877 [warning] [Decorations] CAPPING events from decorations provider vscode.git 287
2023-08-21 20:17:15.923 [warning] [Decorations] CAPPING events from decorations provider vscode.git 286
2023-08-21 20:17:20.977 [warning] [Decorations] CAPPING events from decorations provider vscode.git 286
2023-08-21 20:17:26.026 [warning] [Decorations] CAPPING events from decorations provider vscode.git 286
2023-08-21 20:17:31.079 [warning] [Decorations] CAPPING events from decorations provider vscode.git 286
2023-08-21 20:17:36.126 [warning] [Decorations] CAPPING events from decorations provider vscode.git 286
2023-08-21 20:17:41.177 [warning] [Decorations] CAPPING events from decorations provider vscode.git 286
2023-08-21 20:17:46.224 [warning] [Decorations] CAPPING events from decorations provider vscode.git 286
2023-08-21 20:17:51.278 [warning] [Decorations] CAPPING events from decorations provider vscode.git 286
2023-08-21 20:17:56.326 [warning] [Decorations] CAPPING events from decorations provider vscode.git 286
2023-08-21 20:18:01.371 [warning] [Decorations] CAPPING events from decorations provider vscode.git 286
2023-08-21 20:18:06.421 [warning] [Decorations] CAPPING events from decorations provider vscode.git 286
2023-08-21 20:18:11.467 [warning] [Decorations] CAPPING events from decorations provider vscode.git 286
2023-08-21 20:18:16.520 [warning] [Decorations] CAPPING events from decorations provider vscode.git 286
2023-08-21 20:18:21.572 [warning] [Decorations] CAPPING events from decorations provider vscode.git 286
2023-08-21 20:18:26.620 [warning] [Decorations] CAPPING events from decorations provider vscode.git 286
2023-08-21 20:18:31.672 [warning] [Decorations] CAPPING events from decorations provider vscode.git 286
2023-08-21 20:18:36.721 [warning] [Decorations] CAPPING events from decorations provider vscode.git 286
2023-08-21 20:18:41.779 [warning] [Decorations] CAPPING events from decorations provider vscode.git 286
2023-08-21 20:18:46.837 [warning] [Decorations] CAPPING events from decorations provider vscode.git 286
2023-08-21 20:18:51.885 [warning] [Decorations] CAPPING events from decorations provider vscode.git 286
2023-08-21 20:18:56.933 [warning] [Decorations] CAPPING events from decorations provider vscode.git 286
2023-08-21 20:19:01.980 [warning] [Decorations] CAPPING events from decorations provider vscode.git 286
2023-08-21 20:19:07.028 [warning] [Decorations] CAPPING events from decorations provider vscode.git 286
2023-08-21 20:19:12.073 [warning] [Decorations] CAPPING events from decorations provider vscode.git 286
2023-08-21 20:19:17.123 [warning] [Decorations] CAPPING events from decorations provider vscode.git 286
2023-08-21 20:19:22.170 [warning] [Decorations] CAPPING events from decorations provider vscode.git 286
2023-08-21 20:19:27.220 [warning] [Decorations] CAPPING events from decorations provider vscode.git 286
2023-08-21 20:19:32.260 [warning] [Decorations] CAPPING events from decorations provider vscode.git 286
2023-08-21 20:19:37.303 [warning] [Decorations] CAPPING events from decorations provider vscode.git 286
2023-08-21 20:19:42.350 [warning] [Decorations] CAPPING events from decorations provider vscode.git 286
2023-08-21 20:19:47.400 [warning] [Decorations] CAPPING events from decorations provider vscode.git 286
2023-08-21 20:20:49.391 [warning] [Decorations] CAPPING events from decorations provider vscode.git 286
2023-08-21 20:24:59.375 [warning] [Decorations] CAPPING events from decorations provider vscode.git 286
2023-08-21 20:25:04.430 [warning] [Decorations] CAPPING events from decorations provider vscode.git 285
2023-08-21 20:26:07.062 [warning] [Decorations] CAPPING events from decorations provider vscode.git 285
2023-08-21 20:26:12.104 [warning] [Decorations] CAPPING events from decorations provider vscode.git 286
2023-08-21 20:26:17.170 [warning] [Decorations] CAPPING events from decorations provider vscode.git 286
2023-08-21 20:26:22.293 [warning] [Decorations] CAPPING events from decorations provider vscode.git 286
2023-08-21 20:26:27.348 [warning] [Decorations] CAPPING events from decorations provider vscode.git 286
2023-08-21 20:26:32.404 [warning] [Decorations] CAPPING events from decorations provider vscode.git 287
2023-08-21 20:26:38.153 [warning] [Decorations] CAPPING events from decorations provider vscode.git 286
2023-08-21 20:26:43.260 [warning] [Decorations] CAPPING events from decorations provider vscode.git 287
2023-08-21 20:26:48.321 [warning] [Decorations] CAPPING events from decorations provider vscode.git 288
2023-08-21 20:26:53.420 [warning] [Decorations] CAPPING events from decorations provider vscode.git 287
2023-08-21 20:26:58.474 [warning] [Decorations] CAPPING events from decorations provider vscode.git 287
2023-08-21 20:27:03.521 [warning] [Decorations] CAPPING events from decorations provider vscode.git 288
2023-08-21 20:27:08.622 [warning] [Decorations] CAPPING events from decorations provider vscode.git 288
2023-08-21 20:27:13.669 [warning] [Decorations] CAPPING events from decorations provider vscode.git 288
2023-08-21 20:27:18.731 [warning] [Decorations] CAPPING events from decorations provider vscode.git 286
2023-08-21 20:27:23.879 [warning] [Decorations] CAPPING events from decorations provider vscode.git 286
2023-08-21 20:27:28.972 [warning] [Decorations] CAPPING events from decorations provider vscode.git 286
2023-08-21 20:27:34.027 [warning] [Decorations] CAPPING events from decorations provider vscode.git 286
2023-08-21 20:27:39.128 [warning] [Decorations] CAPPING events from decorations provider vscode.git 286
2023-08-21 20:27:44.182 [warning] [Decorations] CAPPING events from decorations provider vscode.git 286
2023-08-21 20:27:49.222 [warning] [Decorations] CAPPING events from decorations provider vscode.git 286
2023-08-21 20:27:54.370 [warning] [Decorations] CAPPING events from decorations provider vscode.git 286
2023-08-21 20:27:59.415 [warning] [Decorations] CAPPING events from decorations provider vscode.git 286
2023-08-21 20:28:04.453 [warning] [Decorations] CAPPING events from decorations provider vscode.git 286
2023-08-21 20:28:09.495 [warning] [Decorations] CAPPING events from decorations provider vscode.git 286
2023-08-21 20:28:14.538 [warning] [Decorations] CAPPING events from decorations provider vscode.git 286
2023-08-21 20:28:19.584 [warning] [Decorations] CAPPING events from decorations provider vscode.git 286
2023-08-21 20:28:24.631 [warning] [Decorations] CAPPING events from decorations provider vscode.git 286
2023-08-21 20:28:29.678 [warning] [Decorations] CAPPING events from decorations provider vscode.git 286
2023-08-21 20:28:34.723 [warning] [Decorations] CAPPING events from decorations provider vscode.git 286
2023-08-21 20:28:39.777 [warning] [Decorations] CAPPING events from decorations provider vscode.git 286
2023-08-21 20:28:44.826 [warning] [Decorations] CAPPING events from decorations provider vscode.git 286
2023-08-21 20:28:49.908 [warning] [Decorations] CAPPING events from decorations provider vscode.git 286
2023-08-21 20:28:54.949 [warning] [Decorations] CAPPING events from decorations provider vscode.git 286
2023-08-21 20:28:59.996 [warning] [Decorations] CAPPING events from decorations provider vscode.git 286
2023-08-21 20:29:05.042 [warning] [Decorations] CAPPING events from decorations provider vscode.git 286
2023-08-21 20:29:10.088 [warning] [Decorations] CAPPING events from decorations provider vscode.git 286
2023-08-21 20:29:15.134 [warning] [Decorations] CAPPING events from decorations provider vscode.git 286
2023-08-21 20:29:20.180 [warning] [Decorations] CAPPING events from decorations provider vscode.git 286
2023-08-21 20:29:25.228 [warning] [Decorations] CAPPING events from decorations provider vscode.git 286
2023-08-21 20:29:30.277 [warning] [Decorations] CAPPING events from decorations provider vscode.git 286
2023-08-21 20:29:35.324 [warning] [Decorations] CAPPING events from decorations provider vscode.git 286
2023-08-21 20:29:40.371 [warning] [Decorations] CAPPING events from decorations provider vscode.git 286
2023-08-21 20:29:45.416 [warning] [Decorations] CAPPING events from decorations provider vscode.git 286
2023-08-21 20:29:50.461 [warning] [Decorations] CAPPING events from decorations provider vscode.git 286
2023-08-21 20:29:55.503 [warning] [Decorations] CAPPING events from decorations provider vscode.git 286
2023-08-21 20:30:00.548 [warning] [Decorations] CAPPING events from decorations provider vscode.git 286
2023-08-21 20:30:05.591 [warning] [Decorations] CAPPING events from decorations provider vscode.git 286
2023-08-21 20:30:10.636 [warning] [Decorations] CAPPING events from decorations provider vscode.git 286
2023-08-21 20:30:15.682 [warning] [Decorations] CAPPING events from decorations provider vscode.git 286
2023-08-21 20:30:20.733 [warning] [Decorations] CAPPING events from decorations provider vscode.git 286
2023-08-21 20:30:25.793 [warning] [Decorations] CAPPING events from decorations provider vscode.git 286
2023-08-21 20:30:30.847 [warning] [Decorations] CAPPING events from decorations provider vscode.git 286
2023-08-21 20:30:35.898 [warning] [Decorations] CAPPING events from decorations provider vscode.git 286
2023-08-21 20:30:40.943 [warning] [Decorations] CAPPING events from decorations provider vscode.git 286
2023-08-21 20:30:45.988 [warning] [Decorations] CAPPING events from decorations provider vscode.git 286
2023-08-21 20:30:51.037 [warning] [Decorations] CAPPING events from decorations provider vscode.git 286
2023-08-21 20:30:56.083 [warning] [Decorations] CAPPING events from decorations provider vscode.git 286
2023-08-21 20:31:01.136 [warning] [Decorations] CAPPING events from decorations provider vscode.git 286
2023-08-21 20:31:06.182 [warning] [Decorations] CAPPING events from decorations provider vscode.git 286
2023-08-21 20:31:11.233 [warning] [Decorations] CAPPING events from decorations provider vscode.git 286
2023-08-21 20:31:16.286 [warning] [Decorations] CAPPING events from decorations provider vscode.git 286
2023-08-21 20:31:21.336 [warning] [Decorations] CAPPING events from decorations provider vscode.git 286
2023-08-21 20:31:26.386 [warning] [Decorations] CAPPING events from decorations provider vscode.git 286
2023-08-21 20:31:31.438 [warning] [Decorations] CAPPING events from decorations provider vscode.git 286
2023-08-21 20:31:36.488 [warning] [Decorations] CAPPING events from decorations provider vscode.git 286
2023-08-21 20:31:41.540 [warning] [Decorations] CAPPING events from decorations provider vscode.git 286
2023-08-21 20:31:46.590 [warning] [Decorations] CAPPING events from decorations provider vscode.git 286
2023-08-21 20:31:51.639 [warning] [Decorations] CAPPING events from decorations provider vscode.git 286
2023-08-21 20:31:56.685 [warning] [Decorations] CAPPING events from decorations provider vscode.git 286
2023-08-21 20:32:01.737 [warning] [Decorations] CAPPING events from decorations provider vscode.git 286
2023-08-21 20:32:06.802 [warning] [Decorations] CAPPING events from decorations provider vscode.git 286
2023-08-21 20:32:11.851 [warning] [Decorations] CAPPING events from decorations provider vscode.git 286
2023-08-21 20:32:16.890 [warning] [Decorations] CAPPING events from decorations provider vscode.git 286
2023-08-21 20:32:21.932 [warning] [Decorations] CAPPING events from decorations provider vscode.git 286
2023-08-21 20:32:26.989 [warning] [Decorations] CAPPING events from decorations provider vscode.git 286
2023-08-21 20:32:32.038 [warning] [Decorations] CAPPING events from decorations provider vscode.git 286
2023-08-21 20:32:37.130 [warning] [Decorations] CAPPING events from decorations provider vscode.git 286
2023-08-21 20:32:42.176 [warning] [Decorations] CAPPING events from decorations provider vscode.git 287
2023-08-21 20:32:53.209 [warning] [Decorations] CAPPING events from decorations provider vscode.git 286
2023-08-21 20:32:58.262 [warning] [Decorations] CAPPING events from decorations provider vscode.git 287
2023-08-21 20:33:07.406 [warning] [Decorations] CAPPING events from decorations provider vscode.git 288
2023-08-21 20:33:12.450 [warning] [Decorations] CAPPING events from decorations provider vscode.git 287
2023-08-21 20:33:17.497 [warning] [Decorations] CAPPING events from decorations provider vscode.git 287
2023-08-21 20:33:22.535 [warning] [Decorations] CAPPING events from decorations provider vscode.git 287
2023-08-21 20:33:27.590 [warning] [Decorations] CAPPING events from decorations provider vscode.git 287
2023-08-21 20:33:32.634 [warning] [Decorations] CAPPING events from decorations provider vscode.git 287
2023-08-21 20:33:37.683 [warning] [Decorations] CAPPING events from decorations provider vscode.git 287
2023-08-21 20:33:42.733 [warning] [Decorations] CAPPING events from decorations provider vscode.git 288
2023-08-21 20:33:47.814 [warning] [Decorations] CAPPING events from decorations provider vscode.git 289
2023-08-21 20:33:52.903 [warning] [Decorations] CAPPING events from decorations provider vscode.git 290
2023-08-21 20:33:57.968 [warning] [Decorations] CAPPING events from decorations provider vscode.git 289
2023-08-21 20:34:03.045 [warning] [Decorations] CAPPING events from decorations provider vscode.git 289
2023-08-21 20:34:08.098 [warning] [Decorations] CAPPING events from decorations provider vscode.git 289
2023-08-21 20:34:21.344 [warning] [Decorations] CAPPING events from decorations provider vscode.git 289
2023-08-21 20:34:26.486 [warning] [Decorations] CAPPING events from decorations provider vscode.git 289
2023-08-21 20:34:31.531 [warning] [Decorations] CAPPING events from decorations provider vscode.git 289
2023-08-21 20:34:36.587 [warning] [Decorations] CAPPING events from decorations provider vscode.git 289
2023-08-21 20:34:41.636 [warning] [Decorations] CAPPING events from decorations provider vscode.git 289
2023-08-21 20:34:46.681 [warning] [Decorations] CAPPING events from decorations provider vscode.git 289
2023-08-21 20:34:51.790 [warning] [Decorations] CAPPING events from decorations provider vscode.git 289
2023-08-21 20:34:56.837 [warning] [Decorations] CAPPING events from decorations provider vscode.git 289
2023-08-21 20:35:01.874 [warning] [Decorations] CAPPING events from decorations provider vscode.git 289
2023-08-21 20:35:06.912 [warning] [Decorations] CAPPING events from decorations provider vscode.git 289
2023-08-21 20:35:11.964 [warning] [Decorations] CAPPING events from decorations provider vscode.git 289
2023-08-21 20:35:17.012 [warning] [Decorations] CAPPING events from decorations provider vscode.git 289
2023-08-21 20:35:22.055 [warning] [Decorations] CAPPING events from decorations provider vscode.git 289
2023-08-21 20:35:27.097 [warning] [Decorations] CAPPING events from decorations provider vscode.git 289
2023-08-21 20:35:32.143 [warning] [Decorations] CAPPING events from decorations provider vscode.git 289
2023-08-21 20:35:37.189 [warning] [Decorations] CAPPING events from decorations provider vscode.git 289
2023-08-21 20:35:42.227 [warning] [Decorations] CAPPING events from decorations provider vscode.git 289
2023-08-21 20:35:47.270 [warning] [Decorations] CAPPING events from decorations provider vscode.git 289
2023-08-21 20:35:52.326 [warning] [Decorations] CAPPING events from decorations provider vscode.git 289
2023-08-21 20:35:57.377 [warning] [Decorations] CAPPING events from decorations provider vscode.git 289
2023-08-21 20:36:02.419 [warning] [Decorations] CAPPING events from decorations provider vscode.git 289
2023-08-21 20:36:07.496 [warning] [Decorations] CAPPING events from decorations provider vscode.git 289
2023-08-21 20:36:12.598 [warning] [Decorations] CAPPING events from decorations provider vscode.git 289
2023-08-21 20:36:17.644 [warning] [Decorations] CAPPING events from decorations provider vscode.git 289
2023-08-21 20:36:22.800 [warning] [Decorations] CAPPING events from decorations provider vscode.git 290
2023-08-21 20:36:27.846 [warning] [Decorations] CAPPING events from decorations provider vscode.git 290
2023-08-21 20:36:32.889 [warning] [Decorations] CAPPING events from decorations provider vscode.git 290
2023-08-21 20:36:37.931 [warning] [Decorations] CAPPING events from decorations provider vscode.git 290
2023-08-21 20:36:42.982 [warning] [Decorations] CAPPING events from decorations provider vscode.git 290
2023-08-21 20:36:48.054 [warning] [Decorations] CAPPING events from decorations provider vscode.git 291
2023-08-21 20:36:53.740 [warning] [Decorations] CAPPING events from decorations provider vscode.git 290
2023-08-21 20:37:09.241 [warning] [Decorations] CAPPING events from decorations provider vscode.git 290
2023-08-21 20:37:14.404 [warning] [Decorations] CAPPING events from decorations provider vscode.git 290
2023-08-21 20:37:19.534 [warning] [Decorations] CAPPING events from decorations provider vscode.git 290
2023-08-21 20:37:24.577 [warning] [Decorations] CAPPING events from decorations provider vscode.git 290
2023-08-21 20:37:29.618 [warning] [Decorations] CAPPING events from decorations provider vscode.git 290
2023-08-21 20:37:34.657 [warning] [Decorations] CAPPING events from decorations provider vscode.git 290
2023-08-21 20:37:39.696 [warning] [Decorations] CAPPING events from decorations provider vscode.git 290
2023-08-21 20:37:48.244 [warning] [Decorations] CAPPING events from decorations provider vscode.git 290
2023-08-21 20:37:53.294 [warning] [Decorations] CAPPING events from decorations provider vscode.git 288
2023-08-21 20:37:58.334 [warning] [Decorations] CAPPING events from decorations provider vscode.git 288
2023-08-21 20:38:03.374 [warning] [Decorations] CAPPING events from decorations provider vscode.git 288
2023-08-21 20:38:08.421 [warning] [Decorations] CAPPING events from decorations provider vscode.git 288
2023-08-21 20:38:13.463 [warning] [Decorations] CAPPING events from decorations provider vscode.git 288
2023-08-21 20:38:18.509 [warning] [Decorations] CAPPING events from decorations provider vscode.git 288
2023-08-21 20:38:23.549 [warning] [Decorations] CAPPING events from decorations provider vscode.git 288
2023-08-21 20:38:28.588 [warning] [Decorations] CAPPING events from decorations provider vscode.git 288
2023-08-21 20:38:33.628 [warning] [Decorations] CAPPING events from decorations provider vscode.git 288
2023-08-21 20:38:38.665 [warning] [Decorations] CAPPING events from decorations provider vscode.git 288
2023-08-21 20:38:43.707 [warning] [Decorations] CAPPING events from decorations provider vscode.git 288
2023-08-21 20:38:48.749 [warning] [Decorations] CAPPING events from decorations provider vscode.git 288
2023-08-21 20:38:53.795 [warning] [Decorations] CAPPING events from decorations provider vscode.git 288
2023-08-21 20:38:58.839 [warning] [Decorations] CAPPING events from decorations provider vscode.git 288
2023-08-21 20:39:03.883 [warning] [Decorations] CAPPING events from decorations provider vscode.git 288
2023-08-21 20:39:08.927 [warning] [Decorations] CAPPING events from decorations provider vscode.git 288
2023-08-21 20:39:13.972 [warning] [Decorations] CAPPING events from decorations provider vscode.git 288
2023-08-21 20:39:19.012 [warning] [Decorations] CAPPING events from decorations provider vscode.git 288
2023-08-21 20:39:24.057 [warning] [Decorations] CAPPING events from decorations provider vscode.git 288
2023-08-21 20:39:29.099 [warning] [Decorations] CAPPING events from decorations provider vscode.git 288
2023-08-21 20:39:34.143 [warning] [Decorations] CAPPING events from decorations provider vscode.git 288
2023-08-21 20:39:39.193 [warning] [Decorations] CAPPING events from decorations provider vscode.git 288
2023-08-21 20:39:44.236 [warning] [Decorations] CAPPING events from decorations provider vscode.git 288
2023-08-21 20:39:49.277 [warning] [Decorations] CAPPING events from decorations provider vscode.git 288
2023-08-21 20:39:54.328 [warning] [Decorations] CAPPING events from decorations provider vscode.git 288
2023-08-21 20:39:59.372 [warning] [Decorations] CAPPING events from decorations provider vscode.git 288
2023-08-21 20:40:04.413 [warning] [Decorations] CAPPING events from decorations provider vscode.git 288
2023-08-21 20:40:09.457 [warning] [Decorations] CAPPING events from decorations provider vscode.git 288
2023-08-21 20:40:14.501 [warning] [Decorations] CAPPING events from decorations provider vscode.git 288
2023-08-21 20:40:19.543 [warning] [Decorations] CAPPING events from decorations provider vscode.git 288
2023-08-21 20:40:24.586 [warning] [Decorations] CAPPING events from decorations provider vscode.git 288
2023-08-21 20:40:29.628 [warning] [Decorations] CAPPING events from decorations provider vscode.git 288
2023-08-21 20:40:34.669 [warning] [Decorations] CAPPING events from decorations provider vscode.git 288
2023-08-21 20:40:39.715 [warning] [Decorations] CAPPING events from decorations provider vscode.git 288
2023-08-21 20:40:44.759 [warning] [Decorations] CAPPING events from decorations provider vscode.git 288
2023-08-21 20:40:49.810 [warning] [Decorations] CAPPING events from decorations provider vscode.git 288
2023-08-21 20:40:54.856 [warning] [Decorations] CAPPING events from decorations provider vscode.git 288
2023-08-21 20:40:59.901 [warning] [Decorations] CAPPING events from decorations provider vscode.git 288
2023-08-21 20:41:04.966 [warning] [Decorations] CAPPING events from decorations provider vscode.git 288
2023-08-21 20:41:10.008 [warning] [Decorations] CAPPING events from decorations provider vscode.git 288
2023-08-21 20:41:15.047 [warning] [Decorations] CAPPING events from decorations provider vscode.git 288
2023-08-21 20:41:20.087 [warning] [Decorations] CAPPING events from decorations provider vscode.git 288
2023-08-21 20:41:25.129 [warning] [Decorations] CAPPING events from decorations provider vscode.git 288
2023-08-21 20:41:30.169 [warning] [Decorations] CAPPING events from decorations provider vscode.git 288
2023-08-21 20:41:35.212 [warning] [Decorations] CAPPING events from decorations provider vscode.git 288
2023-08-21 20:41:40.252 [warning] [Decorations] CAPPING events from decorations provider vscode.git 288
2023-08-21 20:41:45.299 [warning] [Decorations] CAPPING events from decorations provider vscode.git 288
2023-08-21 20:41:50.340 [warning] [Decorations] CAPPING events from decorations provider vscode.git 288
2023-08-21 20:41:55.385 [warning] [Decorations] CAPPING events from decorations provider vscode.git 288
2023-08-21 20:42:00.425 [warning] [Decorations] CAPPING events from decorations provider vscode.git 288
2023-08-21 20:42:05.489 [warning] [Decorations] CAPPING events from decorations provider vscode.git 288
2023-08-21 20:42:10.534 [warning] [Decorations] CAPPING events from decorations provider vscode.git 288
2023-08-21 20:42:15.581 [warning] [Decorations] CAPPING events from decorations provider vscode.git 288
2023-08-21 20:42:20.624 [warning] [Decorations] CAPPING events from decorations provider vscode.git 288
2023-08-21 20:42:25.668 [warning] [Decorations] CAPPING events from decorations provider vscode.git 288
2023-08-21 20:42:30.714 [warning] [Decorations] CAPPING events from decorations provider vscode.git 288
2023-08-21 20:42:35.760 [warning] [Decorations] CAPPING events from decorations provider vscode.git 288
2023-08-21 20:42:40.812 [warning] [Decorations] CAPPING events from decorations provider vscode.git 288
2023-08-21 20:42:45.859 [warning] [Decorations] CAPPING events from decorations provider vscode.git 288
2023-08-21 20:42:50.949 [warning] [Decorations] CAPPING events from decorations provider vscode.git 288
2023-08-21 20:43:00.775 [warning] [Decorations] CAPPING events from decorations provider vscode.git 288
2023-08-21 20:43:05.818 [warning] [Decorations] CAPPING events from decorations provider vscode.git 288
2023-08-21 20:43:10.856 [warning] [Decorations] CAPPING events from decorations provider vscode.git 288
2023-08-21 20:43:15.892 [warning] [Decorations] CAPPING events from decorations provider vscode.git 288
2023-08-21 20:43:20.946 [warning] [Decorations] CAPPING events from decorations provider vscode.git 289
2023-08-21 20:43:26.024 [warning] [Decorations] CAPPING events from decorations provider vscode.git 289
2023-08-21 20:43:31.076 [warning] [Decorations] CAPPING events from decorations provider vscode.git 289
2023-08-21 20:43:36.113 [warning] [Decorations] CAPPING events from decorations provider vscode.git 290
2023-08-21 20:43:41.165 [warning] [Decorations] CAPPING events from decorations provider vscode.git 290
2023-08-21 20:43:46.202 [warning] [Decorations] CAPPING events from decorations provider vscode.git 290
2023-08-21 20:43:51.297 [warning] [Decorations] CAPPING events from decorations provider vscode.git 290
2023-08-21 20:43:56.339 [warning] [Decorations] CAPPING events from decorations provider vscode.git 290
2023-08-21 20:44:01.382 [warning] [Decorations] CAPPING events from decorations provider vscode.git 290
2023-08-21 20:44:06.427 [warning] [Decorations] CAPPING events from decorations provider vscode.git 290
2023-08-21 20:44:11.463 [warning] [Decorations] CAPPING events from decorations provider vscode.git 290
2023-08-21 20:44:16.498 [warning] [Decorations] CAPPING events from decorations provider vscode.git 290
2023-08-21 20:44:21.534 [warning] [Decorations] CAPPING events from decorations provider vscode.git 290
2023-08-21 20:44:26.570 [warning] [Decorations] CAPPING events from decorations provider vscode.git 290
2023-08-21 20:44:31.608 [warning] [Decorations] CAPPING events from decorations provider vscode.git 290
2023-08-21 20:44:36.685 [warning] [Decorations] CAPPING events from decorations provider vscode.git 290
2023-08-21 20:44:41.729 [warning] [Decorations] CAPPING events from decorations provider vscode.git 290
2023-08-21 20:44:46.768 [warning] [Decorations] CAPPING events from decorations provider vscode.git 290
2023-08-21 20:44:51.844 [warning] [Decorations] CAPPING events from decorations provider vscode.git 290
2023-08-21 20:44:56.916 [warning] [Decorations] CAPPING events from decorations provider vscode.git 291
2023-08-21 20:45:01.977 [warning] [Decorations] CAPPING events from decorations provider vscode.git 291
2023-08-21 20:45:07.018 [warning] [Decorations] CAPPING events from decorations provider vscode.git 291
2023-08-21 20:45:12.091 [warning] [Decorations] CAPPING events from decorations provider vscode.git 291
2023-08-21 20:45:17.128 [warning] [Decorations] CAPPING events from decorations provider vscode.git 291
2023-08-21 20:45:22.170 [warning] [Decorations] CAPPING events from decorations provider vscode.git 291
2023-08-21 20:45:27.226 [warning] [Decorations] CAPPING events from decorations provider vscode.git 292
2023-08-21 20:45:32.269 [warning] [Decorations] CAPPING events from decorations provider vscode.git 291
2023-08-21 20:45:37.318 [warning] [Decorations] CAPPING events from decorations provider vscode.git 292
2023-08-21 20:45:42.372 [warning] [Decorations] CAPPING events from decorations provider vscode.git 292
2023-08-21 20:45:47.413 [warning] [Decorations] CAPPING events from decorations provider vscode.git 292
2023-08-21 20:46:04.948 [warning] [Decorations] CAPPING events from decorations provider vscode.git 292
2023-08-21 20:46:09.992 [warning] [Decorations] CAPPING events from decorations provider vscode.git 292
2023-08-21 20:46:14.181 [info] Extension host terminating: renderer closed the MessagePort
2023-08-21 20:46:17.411 [error] Canceled: Canceled
	at new h (/snap/code/137/usr/share/code/resources/app/out/vs/workbench/api/node/extensionHostProcess.js:102:56634)
	at t.O (/snap/code/137/usr/share/code/resources/app/out/vs/workbench/api/node/extensionHostProcess.js:114:8020)
	at N.<computed>.T.charCodeAt.N.<computed> (/snap/code/137/usr/share/code/resources/app/out/vs/workbench/api/node/extensionHostProcess.js:114:5459)
	at a.g (/snap/code/137/usr/share/code/resources/app/out/vs/workbench/api/node/extensionHostProcess.js:102:77241)
	at a.executeCommand (/snap/code/137/usr/share/code/resources/app/out/vs/workbench/api/node/extensionHostProcess.js:102:76679)
	at v.registerCommand.description (/snap/code/137/usr/share/code/resources/app/out/vs/workbench/api/node/extensionHostProcess.js:102:76000)
	at a.h (/snap/code/137/usr/share/code/resources/app/out/vs/workbench/api/node/extensionHostProcess.js:102:77777)
	at a.g (/snap/code/137/usr/share/code/resources/app/out/vs/workbench/api/node/extensionHostProcess.js:102:76772)
	at a.executeCommand (/snap/code/137/usr/share/code/resources/app/out/vs/workbench/api/node/extensionHostProcess.js:102:76679)
	at Object.executeCommand (/snap/code/137/usr/share/code/resources/app/out/vs/workbench/api/node/extensionHostProcess.js:120:20977)
	at r.D [as value] (/snap/code/137/usr/share/code/resources/app/extensions/git/dist/main.js:2:1261690)
	at f.w (/snap/code/137/usr/share/code/resources/app/out/vs/workbench/api/node/extensionHostProcess.js:63:1902)
	at f.x (/snap/code/137/usr/share/code/resources/app/out/vs/workbench/api/node/extensionHostProcess.js:63:1972)
	at f.fire (/snap/code/137/usr/share/code/resources/app/out/vs/workbench/api/node/extensionHostProcess.js:63:2188)
	at Object.m [as dispose] (/snap/code/137/usr/share/code/resources/app/extensions/git/dist/main.js:2:1277293)
	at /snap/code/137/usr/share/code/resources/app/extensions/git/dist/main.js:2:1282023
	at Array.forEach (<anonymous>)
	at g.dispose (/snap/code/137/usr/share/code/resources/app/extensions/git/dist/main.js:2:1282009)
	at p.<anonymous> (/snap/code/137/usr/share/code/resources/app/out/vs/workbench/api/node/extensionHostProcess.js:98:3381)
	at p.dispose (/snap/code/137/usr/share/code/resources/app/out/vs/workbench/api/node/extensionHostProcess.js:98:3478)
	at p.<anonymous> (/snap/code/137/usr/share/code/resources/app/extensions/git/dist/main.js:2:1263703)
	at p.dispose (/snap/code/137/usr/share/code/resources/app/out/vs/workbench/api/node/extensionHostProcess.js:98:3478)
	at S (/snap/code/137/usr/share/code/resources/app/out/vs/workbench/api/node/extensionHostProcess.js:13:11731)
	at r.Z (/snap/code/137/usr/share/code/resources/app/out/vs/workbench/api/node/extensionHostProcess.js:116:9686)
	at /snap/code/137/usr/share/code/resources/app/out/vs/workbench/api/node/extensionHostProcess.js:116:7582
	at Array.map (<anonymous>)
	at r.S (/snap/code/137/usr/share/code/resources/app/out/vs/workbench/api/node/extensionHostProcess.js:116:7570)
	at r.terminate (/snap/code/137/usr/share/code/resources/app/out/vs/workbench/api/node/extensionHostProcess.js:116:7842)
	at s.terminate (/snap/code/137/usr/share/code/resources/app/out/vs/workbench/api/node/extensionHostProcess.js:120:1506)
	at C (/snap/code/137/usr/share/code/resources/app/out/vs/workbench/api/node/extensionHostProcess.js:130:32254)
	at MessagePortMain.<anonymous> (/snap/code/137/usr/share/code/resources/app/out/vs/workbench/api/node/extensionHostProcess.js:130:28679)
	at MessagePortMain.emit (node:events:513:28)
	at MessagePortMain._internalPort.emit (node:electron/js2c/utility_init:2:367) setContext undefined
2023-08-21 20:46:17.805 [error] Canceled: Canceled
	at new h (/snap/code/137/usr/share/code/resources/app/out/vs/workbench/api/node/extensionHostProcess.js:102:56634)
	at t.O (/snap/code/137/usr/share/code/resources/app/out/vs/workbench/api/node/extensionHostProcess.js:114:8020)
	at N.<computed>.T.charCodeAt.N.<computed> (/snap/code/137/usr/share/code/resources/app/out/vs/workbench/api/node/extensionHostProcess.js:114:5459)
	at a.g (/snap/code/137/usr/share/code/resources/app/out/vs/workbench/api/node/extensionHostProcess.js:102:77241)
	at a.executeCommand (/snap/code/137/usr/share/code/resources/app/out/vs/workbench/api/node/extensionHostProcess.js:102:76679)
	at v.registerCommand.description (/snap/code/137/usr/share/code/resources/app/out/vs/workbench/api/node/extensionHostProcess.js:102:76000)
	at a.h (/snap/code/137/usr/share/code/resources/app/out/vs/workbench/api/node/extensionHostProcess.js:102:77777)
	at a.g (/snap/code/137/usr/share/code/resources/app/out/vs/workbench/api/node/extensionHostProcess.js:102:76772)
	at a.executeCommand (/snap/code/137/usr/share/code/resources/app/out/vs/workbench/api/node/extensionHostProcess.js:102:76679)
	at Object.executeCommand (/snap/code/137/usr/share/code/resources/app/out/vs/workbench/api/node/extensionHostProcess.js:120:20977)
	at set b [as b] (/snap/code/137/usr/share/code/resources/app/extensions/github/dist/extension.js:2:676183)
	at /snap/code/137/usr/share/code/resources/app/extensions/github/dist/extension.js:2:676827
	at r.value (/snap/code/137/usr/share/code/resources/app/extensions/git/dist/main.js:2:1349176)
	at f.w (/snap/code/137/usr/share/code/resources/app/out/vs/workbench/api/node/extensionHostProcess.js:63:1902)
	at f.x (/snap/code/137/usr/share/code/resources/app/out/vs/workbench/api/node/extensionHostProcess.js:63:1972)
	at f.fire (/snap/code/137/usr/share/code/resources/app/out/vs/workbench/api/node/extensionHostProcess.js:63:2188)
	at Object.m [as dispose] (/snap/code/137/usr/share/code/resources/app/extensions/git/dist/main.js:2:1277293)
	at /snap/code/137/usr/share/code/resources/app/extensions/git/dist/main.js:2:1282023
	at Array.forEach (<anonymous>)
	at g.dispose (/snap/code/137/usr/share/code/resources/app/extensions/git/dist/main.js:2:1282009)
	at p.<anonymous> (/snap/code/137/usr/share/code/resources/app/out/vs/workbench/api/node/extensionHostProcess.js:98:3381)
	at p.dispose (/snap/code/137/usr/share/code/resources/app/out/vs/workbench/api/node/extensionHostProcess.js:98:3478)
	at p.<anonymous> (/snap/code/137/usr/share/code/resources/app/extensions/git/dist/main.js:2:1263703)
	at p.dispose (/snap/code/137/usr/share/code/resources/app/out/vs/workbench/api/node/extensionHostProcess.js:98:3478)
	at S (/snap/code/137/usr/share/code/resources/app/out/vs/workbench/api/node/extensionHostProcess.js:13:11731)
	at r.Z (/snap/code/137/usr/share/code/resources/app/out/vs/workbench/api/node/extensionHostProcess.js:116:9686)
	at /snap/code/137/usr/share/code/resources/app/out/vs/workbench/api/node/extensionHostProcess.js:116:7582
	at Array.map (<anonymous>)
	at r.S (/snap/code/137/usr/share/code/resources/app/out/vs/workbench/api/node/extensionHostProcess.js:116:7570)
	at r.terminate (/snap/code/137/usr/share/code/resources/app/out/vs/workbench/api/node/extensionHostProcess.js:116:7842)
	at s.terminate (/snap/code/137/usr/share/code/resources/app/out/vs/workbench/api/node/extensionHostProcess.js:120:1506)
	at C (/snap/code/137/usr/share/code/resources/app/out/vs/workbench/api/node/extensionHostProcess.js:130:32254)
	at MessagePortMain.<anonymous> (/snap/code/137/usr/share/code/resources/app/out/vs/workbench/api/node/extensionHostProcess.js:130:28679)
	at MessagePortMain.emit (node:events:513:28)
	at MessagePortMain._internalPort.emit (node:electron/js2c/utility_init:2:367) setContext undefined
2023-08-21 20:46:18.553 [error] Error: Stopping the server timed out
	at /snap/code/137/usr/share/code/resources/app/extensions/json-language-features/client/dist/node/jsonClientMain.js:2:627898
	at runNextTicks (node:internal/process/task_queues:61:5)
	at listOnTimeout (node:internal/timers:528:9)
	at process.processTimers (node:internal/timers:502:7)
	at async e.deactivate (/snap/code/137/usr/share/code/resources/app/extensions/json-language-features/client/dist/node/jsonClientMain.js:2:1057167)
	at async Promise.all (index 7)
	at async r.S (/snap/code/137/usr/share/code/resources/app/out/vs/workbench/api/node/extensionHostProcess.js:116:7595)
2023-08-21 20:46:18.553 [info] Extension host with pid 14190 exiting with code 0
