2023-08-26 15:30:58.796 [info] Reading sessions from keychain...
2023-08-26 15:30:58.796 [info] Getting sessions for all scopes...
2023-08-26 15:30:58.796 [info] Got 0 sessions for ...
2023-08-26 15:30:58.796 [info] Getting sessions for all scopes...
2023-08-26 15:30:58.796 [info] Got 0 sessions for ...
2023-08-26 15:30:58.796 [info] Getting sessions for user:email...
2023-08-26 15:30:58.796 [info] Got 0 sessions for user:email...
2023-08-26 15:30:59.111 [info] Getting sessions for all scopes...
2023-08-26 15:30:59.111 [info] Got 0 sessions for ...
2023-08-26 15:31:10.354 [info] Reading sessions from keychain...
2023-08-26 15:31:10.355 [info] Getting sessions for all scopes...
2023-08-26 15:31:10.355 [info] Getting sessions for user:email...
2023-08-26 15:31:10.381 [info] Got 0 sessions for ...
2023-08-26 15:31:10.381 [info] Got 0 sessions for user:email...
2023-08-26 15:31:10.552 [info] Getting sessions for all scopes...
2023-08-26 15:31:10.552 [info] Got 0 sessions for ...
2023-08-26 15:31:10.745 [info] Getting sessions for all scopes...
2023-08-26 15:31:10.745 [info] Got 0 sessions for ...
2023-08-26 15:31:14.984 [info] Getting sessions for read:user,repo,user:email,workflow...
2023-08-26 15:31:14.984 [info] Got 0 sessions for read:user,repo,user:email,workflow...
