2023-08-21 21:01:54.351 [info] Reading sessions from keychain...
2023-08-21 21:01:54.351 [info] Getting sessions for all scopes...
2023-08-21 21:01:54.351 [info] Got 0 sessions for ...
2023-08-21 21:01:54.351 [info] Getting sessions for user:email...
2023-08-21 21:01:54.351 [info] Got 0 sessions for user:email...
2023-08-21 21:01:54.457 [info] Getting sessions for all scopes...
2023-08-21 21:01:54.457 [info] Got 0 sessions for ...
2023-08-21 21:01:54.532 [info] Getting sessions for all scopes...
2023-08-21 21:01:54.532 [info] Got 0 sessions for ...
2023-08-21 21:02:04.892 [info] Reading sessions from keychain...
2023-08-21 21:02:04.910 [info] Getting sessions for all scopes...
2023-08-21 21:02:04.982 [info] Getting sessions for user:email...
2023-08-21 21:02:04.991 [info] Got 0 sessions for ...
2023-08-21 21:02:04.991 [info] Got 0 sessions for user:email...
2023-08-21 21:02:05.253 [info] Getting sessions for all scopes...
2023-08-21 21:02:05.253 [info] Got 0 sessions for ...
2023-08-21 21:02:05.279 [info] Getting sessions for all scopes...
2023-08-21 21:02:05.279 [info] Got 0 sessions for ...
2023-08-21 21:02:10.882 [info] Getting sessions for read:user,repo,user:email,workflow...
2023-08-21 21:02:10.882 [info] Got 0 sessions for read:user,repo,user:email,workflow...
