2023-08-26 15:30:55.116 [info] Added views:workbench.panel.markers.view in workbench.panel.markers
2023-08-26 15:30:55.116 [info] Added views:workbench.panel.output in workbench.panel.output
2023-08-26 15:30:55.116 [info] Added views:terminal in terminal
2023-08-26 15:30:55.116 [info] Added views:outline in workbench.view.explorer
2023-08-26 15:30:55.116 [info] Added views:workbench.scm in workbench.view.scm
2023-08-26 15:30:55.116 [info] Added views:workbench.view.search in workbench.view.search
2023-08-26 15:30:55.116 [info] Added views:timeline in workbench.view.explorer
2023-08-26 15:30:55.116 [info] Added views:workbench.explorer.emptyView in workbench.view.explorer
2023-08-26 15:30:55.245 [info] Added views:workbench.debug.variablesView,workbench.debug.watchExpressionsView,workbench.debug.callStackView,workbench.debug.breakPointsView in workbench.view.debug
2023-08-26 15:30:57.404 [info] Added views:dockerContainers,dockerImages,dockerRegistries,dockerNetworks,dockerVolumes,vscode-docker.views.dockerContexts,vscode-docker.views.help in workbench.view.extension.dockerView
2023-08-26 15:30:57.790 [info] Added views:workbench.panel.repl.view in workbench.panel.repl
2023-08-26 15:30:57.795 [info] Removed views:workbench.debug.breakPointsView,workbench.debug.callStackView,workbench.debug.watchExpressionsView,workbench.debug.variablesView from workbench.view.debug
2023-08-26 15:30:57.823 [info] Added views:workbench.debug.welcome in workbench.view.debug
2023-08-26 15:31:09.015 [info] Added views:workbench.panel.markers.view in workbench.panel.markers
2023-08-26 15:31:09.015 [info] Added views:workbench.panel.output in workbench.panel.output
2023-08-26 15:31:09.015 [info] Added views:terminal in terminal
2023-08-26 15:31:09.015 [info] Added views:outline in workbench.view.explorer
2023-08-26 15:31:09.016 [info] Added views:workbench.scm in workbench.view.scm
2023-08-26 15:31:09.016 [info] Added views:workbench.view.search in workbench.view.search
2023-08-26 15:31:09.016 [info] Added views:timeline in workbench.view.explorer
2023-08-26 15:31:09.016 [info] Added views:workbench.explorer.fileView in workbench.view.explorer
2023-08-26 15:31:09.379 [info] Added views:dockerContainers,dockerImages,dockerRegistries,dockerNetworks,dockerVolumes,vscode-docker.views.dockerContexts,vscode-docker.views.help in workbench.view.extension.dockerView
2023-08-26 15:31:09.601 [info] Added views:workbench.debug.variablesView,workbench.debug.watchExpressionsView,workbench.debug.callStackView,workbench.debug.breakPointsView in workbench.view.debug
2023-08-26 15:31:10.083 [info] Added views:workbench.panel.repl.view in workbench.panel.repl
2023-08-26 15:31:10.086 [info] Removed views:workbench.debug.breakPointsView,workbench.debug.callStackView,workbench.debug.watchExpressionsView,workbench.debug.variablesView from workbench.view.debug
2023-08-26 15:31:10.086 [info] Added views:workbench.debug.welcome in workbench.view.debug
2023-08-26 16:55:38.961 [info] Added views:workbench.debug.breakPointsView in workbench.view.debug
