2023-08-26 15:30:58.830 [info] Log level: Info
2023-08-26 15:30:58.830 [info] Validating found git in: "git"
2023-08-26 15:30:58.857 [info] Using git "2.34.1" from "git"
2023-08-26 15:31:14.513 [info] Log level: Info
2023-08-26 15:31:14.513 [info] Validating found git in: "git"
2023-08-26 15:31:14.546 [info] Using git "2.34.1" from "git"
2023-08-26 15:31:14.630 [info] > git rev-parse --show-toplevel [57ms]
2023-08-26 15:31:14.650 [info] > git rev-parse --git-dir --git-common-dir [3ms]
2023-08-26 15:31:14.692 [info] Open repository: /root/fmdev
2023-08-26 15:31:14.745 [info] > git config --get commit.template [36ms]
2023-08-26 15:31:14.745 [info] > git rev-parse --show-toplevel [24ms]
2023-08-26 15:31:14.760 [info] > git rev-parse --show-toplevel [1ms]
2023-08-26 15:31:14.774 [info] > git rev-parse --show-toplevel [3ms]
2023-08-26 15:31:14.787 [info] > git rev-parse --show-toplevel [1ms]
2023-08-26 15:31:14.818 [info] > git for-each-ref --format=%(refname)%00%(upstream:short)%00%(objectname)%00%(upstream:track)%00%(upstream:remotename)%00%(upstream:remoteref) refs/heads/main refs/remotes/main [76ms]
2023-08-26 15:31:14.832 [info] > git rev-parse --show-toplevel [15ms]
2023-08-26 15:31:14.891 [info] > git status -z -uall [61ms]
2023-08-26 15:31:14.945 [info] > git config --get commit.template [2ms]
2023-08-26 15:31:14.985 [info] > git for-each-ref --format=%(refname)%00%(upstream:short)%00%(objectname)%00%(upstream:track)%00%(upstream:remotename)%00%(upstream:remoteref) refs/heads/main refs/remotes/main [3ms]
2023-08-26 15:31:15.075 [info] > git status -z -uall [81ms]
2023-08-26 15:31:15.231 [info] > git check-ignore -v -z --stdin [3ms]
2023-08-26 15:31:16.374 [info] > git ls-files --stage -- /root/fmdev/tutorial.md [21ms]
2023-08-26 15:31:16.411 [info] > git show --textconv :tutorial.md [83ms]
2023-08-26 15:31:16.411 [info] > git cat-file -s 49905376d3f24ab457b733aa4f9a795a90311479 [15ms]
2023-08-26 15:31:24.399 [info] > git config --get commit.template [21ms]
2023-08-26 15:31:24.400 [info] > git for-each-ref --format=%(refname)%00%(upstream:short)%00%(objectname)%00%(upstream:track)%00%(upstream:remotename)%00%(upstream:remoteref) refs/heads/main refs/remotes/main [4ms]
2023-08-26 15:31:24.413 [info] > git status -z -uall [6ms]
2023-08-26 15:32:44.216 [info] > git config --get commit.template [22ms]
2023-08-26 15:32:44.220 [info] > git for-each-ref --format=%(refname)%00%(upstream:short)%00%(objectname)%00%(upstream:track)%00%(upstream:remotename)%00%(upstream:remoteref) refs/heads/main refs/remotes/main [5ms]
2023-08-26 15:32:44.245 [info] > git status -z -uall [11ms]
2023-08-26 15:32:49.271 [info] > git config --get commit.template [6ms]
2023-08-26 15:32:49.279 [info] > git for-each-ref --format=%(refname)%00%(upstream:short)%00%(objectname)%00%(upstream:track)%00%(upstream:remotename)%00%(upstream:remoteref) refs/heads/main refs/remotes/main [2ms]
2023-08-26 15:32:49.291 [info] > git status -z -uall [6ms]
2023-08-26 15:33:21.417 [info] > git config --get commit.template [23ms]
2023-08-26 15:33:21.421 [info] > git for-each-ref --format=%(refname)%00%(upstream:short)%00%(objectname)%00%(upstream:track)%00%(upstream:remotename)%00%(upstream:remoteref) refs/heads/main refs/remotes/main [6ms]
2023-08-26 15:33:21.466 [info] > git status -z -uall [10ms]
2023-08-26 15:33:52.680 [info] > git config --get commit.template [10ms]
2023-08-26 15:33:52.683 [info] > git for-each-ref --format=%(refname)%00%(upstream:short)%00%(objectname)%00%(upstream:track)%00%(upstream:remotename)%00%(upstream:remoteref) refs/heads/main refs/remotes/main [3ms]
2023-08-26 15:33:52.711 [info] > git status -z -uall [7ms]
2023-08-26 15:34:10.138 [info] > git config --get commit.template [11ms]
2023-08-26 15:34:10.139 [info] > git for-each-ref --format=%(refname)%00%(upstream:short)%00%(objectname)%00%(upstream:track)%00%(upstream:remotename)%00%(upstream:remoteref) refs/heads/main refs/remotes/main [2ms]
2023-08-26 15:34:10.154 [info] > git status -z -uall [6ms]
2023-08-26 15:34:39.139 [info] > git config --get commit.template [33ms]
2023-08-26 15:34:39.146 [info] > git for-each-ref --format=%(refname)%00%(upstream:short)%00%(objectname)%00%(upstream:track)%00%(upstream:remotename)%00%(upstream:remoteref) refs/heads/main refs/remotes/main [10ms]
2023-08-26 15:34:39.187 [info] > git status -z -uall [24ms]
2023-08-26 15:34:57.442 [info] > git config --get commit.template [20ms]
2023-08-26 15:34:57.446 [info] > git for-each-ref --format=%(refname)%00%(upstream:short)%00%(objectname)%00%(upstream:track)%00%(upstream:remotename)%00%(upstream:remoteref) refs/heads/main refs/remotes/main [5ms]
2023-08-26 15:34:57.484 [info] > git status -z -uall [15ms]
2023-08-26 15:35:03.736 [info] > git config --get commit.template [14ms]
2023-08-26 15:35:03.766 [info] > git for-each-ref --format=%(refname)%00%(upstream:short)%00%(objectname)%00%(upstream:track)%00%(upstream:remotename)%00%(upstream:remoteref) refs/heads/main refs/remotes/main [3ms]
2023-08-26 15:35:03.788 [info] > git status -z -uall [2ms]
2023-08-26 15:35:21.868 [info] > git config --get commit.template [19ms]
2023-08-26 15:35:21.874 [info] > git for-each-ref --format=%(refname)%00%(upstream:short)%00%(objectname)%00%(upstream:track)%00%(upstream:remotename)%00%(upstream:remoteref) refs/heads/main refs/remotes/main [9ms]
2023-08-26 15:35:21.896 [info] > git status -z -uall [9ms]
2023-08-26 15:35:38.851 [info] > git config --get commit.template [12ms]
2023-08-26 15:35:38.853 [info] > git for-each-ref --format=%(refname)%00%(upstream:short)%00%(objectname)%00%(upstream:track)%00%(upstream:remotename)%00%(upstream:remoteref) refs/heads/main refs/remotes/main [3ms]
2023-08-26 15:35:38.882 [info] > git status -z -uall [14ms]
2023-08-26 15:36:10.159 [info] > git config --get commit.template [9ms]
2023-08-26 15:36:10.161 [info] > git for-each-ref --format=%(refname)%00%(upstream:short)%00%(objectname)%00%(upstream:track)%00%(upstream:remotename)%00%(upstream:remoteref) refs/heads/main refs/remotes/main [2ms]
2023-08-26 15:36:10.179 [info] > git status -z -uall [7ms]
2023-08-26 15:36:20.533 [info] > git config --get commit.template [2ms]
2023-08-26 15:36:20.542 [info] > git for-each-ref --format=%(refname)%00%(upstream:short)%00%(objectname)%00%(upstream:track)%00%(upstream:remotename)%00%(upstream:remoteref) refs/heads/main refs/remotes/main [2ms]
2023-08-26 15:36:20.558 [info] > git status -z -uall [7ms]
2023-08-26 15:36:27.234 [info] > git check-ignore -v -z --stdin [1ms]
2023-08-26 15:36:29.748 [info] > git config --get commit.template [25ms]
2023-08-26 15:36:29.749 [info] > git for-each-ref --format=%(refname)%00%(upstream:short)%00%(objectname)%00%(upstream:track)%00%(upstream:remotename)%00%(upstream:remoteref) refs/heads/main refs/remotes/main [8ms]
2023-08-26 15:36:29.791 [info] > git status -z -uall [15ms]
2023-08-26 15:36:34.824 [info] > git config --get commit.template [10ms]
2023-08-26 15:36:34.825 [info] > git for-each-ref --format=%(refname)%00%(upstream:short)%00%(objectname)%00%(upstream:track)%00%(upstream:remotename)%00%(upstream:remoteref) refs/heads/main refs/remotes/main [2ms]
2023-08-26 15:36:34.839 [info] > git status -z -uall [7ms]
2023-08-26 15:36:59.652 [info] > git config --get commit.template [1ms]
2023-08-26 15:36:59.667 [info] > git for-each-ref --format=%(refname)%00%(upstream:short)%00%(objectname)%00%(upstream:track)%00%(upstream:remotename)%00%(upstream:remoteref) refs/heads/main refs/remotes/main [5ms]
2023-08-26 15:36:59.715 [info] > git status -z -uall [17ms]
2023-08-26 15:37:04.742 [info] > git config --get commit.template [2ms]
2023-08-26 15:37:04.753 [info] > git for-each-ref --format=%(refname)%00%(upstream:short)%00%(objectname)%00%(upstream:track)%00%(upstream:remotename)%00%(upstream:remoteref) refs/heads/main refs/remotes/main [3ms]
2023-08-26 15:37:04.769 [info] > git status -z -uall [8ms]
2023-08-26 15:37:22.519 [info] > git config --get commit.template [1ms]
2023-08-26 15:37:22.549 [info] > git for-each-ref --format=%(refname)%00%(upstream:short)%00%(objectname)%00%(upstream:track)%00%(upstream:remotename)%00%(upstream:remoteref) refs/heads/main refs/remotes/main [3ms]
2023-08-26 15:37:22.607 [info] > git status -z -uall [41ms]
2023-08-26 15:37:27.639 [info] > git config --get commit.template [11ms]
2023-08-26 15:37:27.640 [info] > git for-each-ref --format=%(refname)%00%(upstream:short)%00%(objectname)%00%(upstream:track)%00%(upstream:remotename)%00%(upstream:remoteref) refs/heads/main refs/remotes/main [2ms]
2023-08-26 15:37:27.653 [info] > git status -z -uall [5ms]
2023-08-26 15:37:44.516 [info] > git for-each-ref --format=%(refname)%00%(upstream:short)%00%(objectname)%00%(upstream:track)%00%(upstream:remotename)%00%(upstream:remoteref) refs/heads/main refs/remotes/main [17ms]
2023-08-26 15:37:44.516 [info] > git config --get commit.template [30ms]
2023-08-26 15:37:44.555 [info] > git status -z -uall [26ms]
2023-08-26 15:37:49.604 [info] > git config --get commit.template [15ms]
2023-08-26 15:37:49.606 [info] > git for-each-ref --format=%(refname)%00%(upstream:short)%00%(objectname)%00%(upstream:track)%00%(upstream:remotename)%00%(upstream:remoteref) refs/heads/main refs/remotes/main [4ms]
2023-08-26 15:37:49.625 [info] > git status -z -uall [11ms]
2023-08-26 15:41:03.210 [info] > git config --get commit.template [738ms]
2023-08-26 15:41:03.270 [info] > git for-each-ref --format=%(refname)%00%(upstream:short)%00%(objectname)%00%(upstream:track)%00%(upstream:remotename)%00%(upstream:remoteref) refs/heads/main refs/remotes/main [859ms]
2023-08-26 15:41:03.488 [info] > git status -z -uall [206ms]
2023-08-26 15:41:08.524 [info] > git config --get commit.template [12ms]
2023-08-26 15:41:08.525 [info] > git for-each-ref --format=%(refname)%00%(upstream:short)%00%(objectname)%00%(upstream:track)%00%(upstream:remotename)%00%(upstream:remoteref) refs/heads/main refs/remotes/main [2ms]
2023-08-26 15:41:08.544 [info] > git status -z -uall [8ms]
2023-08-26 15:41:13.576 [info] > git config --get commit.template [15ms]
2023-08-26 15:41:13.578 [info] > git for-each-ref --format=%(refname)%00%(upstream:short)%00%(objectname)%00%(upstream:track)%00%(upstream:remotename)%00%(upstream:remoteref) refs/heads/main refs/remotes/main [4ms]
2023-08-26 15:41:13.597 [info] > git status -z -uall [8ms]
2023-08-26 15:41:19.157 [info] > git config --get commit.template [16ms]
2023-08-26 15:41:19.161 [info] > git for-each-ref --format=%(refname)%00%(upstream:short)%00%(objectname)%00%(upstream:track)%00%(upstream:remotename)%00%(upstream:remoteref) refs/heads/main refs/remotes/main [5ms]
2023-08-26 15:41:19.204 [info] > git status -z -uall [20ms]
2023-08-26 15:41:25.621 [info] > git config --get commit.template [1ms]
2023-08-26 15:41:25.649 [info] > git for-each-ref --format=%(refname)%00%(upstream:short)%00%(objectname)%00%(upstream:track)%00%(upstream:remotename)%00%(upstream:remoteref) refs/heads/main refs/remotes/main [1ms]
2023-08-26 15:41:25.685 [info] > git status -z -uall [12ms]
2023-08-26 15:42:22.888 [info] > git config --get commit.template [24ms]
2023-08-26 15:42:22.893 [info] > git for-each-ref --format=%(refname)%00%(upstream:short)%00%(objectname)%00%(upstream:track)%00%(upstream:remotename)%00%(upstream:remoteref) refs/heads/main refs/remotes/main [6ms]
2023-08-26 15:42:22.932 [info] > git status -z -uall [12ms]
2023-08-26 15:42:35.993 [info] > git config --get commit.template [18ms]
2023-08-26 15:42:36.000 [info] > git for-each-ref --format=%(refname)%00%(upstream:short)%00%(objectname)%00%(upstream:track)%00%(upstream:remotename)%00%(upstream:remoteref) refs/heads/main refs/remotes/main [9ms]
2023-08-26 15:42:36.037 [info] > git status -z -uall [12ms]
2023-08-26 15:42:41.083 [info] > git config --get commit.template [8ms]
2023-08-26 15:42:41.084 [info] > git for-each-ref --format=%(refname)%00%(upstream:short)%00%(objectname)%00%(upstream:track)%00%(upstream:remotename)%00%(upstream:remoteref) refs/heads/main refs/remotes/main [2ms]
2023-08-26 15:42:41.097 [info] > git status -z -uall [6ms]
2023-08-26 15:42:56.541 [info] > git config --get commit.template [31ms]
2023-08-26 15:42:56.543 [info] > git for-each-ref --format=%(refname)%00%(upstream:short)%00%(objectname)%00%(upstream:track)%00%(upstream:remotename)%00%(upstream:remoteref) refs/heads/main refs/remotes/main [2ms]
2023-08-26 15:42:56.596 [info] > git status -z -uall [27ms]
2023-08-26 15:43:04.308 [info] > git config --get commit.template [32ms]
2023-08-26 15:43:04.309 [info] > git for-each-ref --format=%(refname)%00%(upstream:short)%00%(objectname)%00%(upstream:track)%00%(upstream:remotename)%00%(upstream:remoteref) refs/heads/main refs/remotes/main [6ms]
2023-08-26 15:43:04.339 [info] > git status -z -uall [8ms]
2023-08-26 15:43:09.378 [info] > git config --get commit.template [16ms]
2023-08-26 15:43:09.385 [info] > git for-each-ref --format=%(refname)%00%(upstream:short)%00%(objectname)%00%(upstream:track)%00%(upstream:remotename)%00%(upstream:remoteref) refs/heads/main refs/remotes/main [10ms]
2023-08-26 15:43:09.417 [info] > git status -z -uall [16ms]
2023-08-26 15:53:37.973 [info] > git for-each-ref --format=%(refname)%00%(upstream:short)%00%(objectname)%00%(upstream:track)%00%(upstream:remotename)%00%(upstream:remoteref) refs/heads/main refs/remotes/main [1ms]
2023-08-26 15:53:37.973 [info] > git config --get commit.template [16ms]
2023-08-26 15:53:37.998 [info] > git status -z -uall [9ms]
2023-08-26 15:53:43.036 [info] > git config --get commit.template [12ms]
2023-08-26 15:53:43.037 [info] > git for-each-ref --format=%(refname)%00%(upstream:short)%00%(objectname)%00%(upstream:track)%00%(upstream:remotename)%00%(upstream:remoteref) refs/heads/main refs/remotes/main [2ms]
2023-08-26 15:53:43.060 [info] > git status -z -uall [9ms]
2023-08-26 15:54:10.194 [info] > git config --get commit.template [8ms]
2023-08-26 15:54:10.195 [info] > git for-each-ref --format=%(refname)%00%(upstream:short)%00%(objectname)%00%(upstream:track)%00%(upstream:remotename)%00%(upstream:remoteref) refs/heads/main refs/remotes/main [2ms]
2023-08-26 15:54:10.208 [info] > git status -z -uall [6ms]
2023-08-26 15:54:59.141 [info] > git config --get commit.template [12ms]
2023-08-26 15:54:59.156 [info] > git for-each-ref --format=%(refname)%00%(upstream:short)%00%(objectname)%00%(upstream:track)%00%(upstream:remotename)%00%(upstream:remoteref) refs/heads/main refs/remotes/main [14ms]
2023-08-26 15:54:59.182 [info] > git status -z -uall [10ms]
2023-08-26 15:55:10.200 [info] > git config --get commit.template [10ms]
2023-08-26 15:55:10.201 [info] > git for-each-ref --format=%(refname)%00%(upstream:short)%00%(objectname)%00%(upstream:track)%00%(upstream:remotename)%00%(upstream:remoteref) refs/heads/main refs/remotes/main [2ms]
2023-08-26 15:55:10.216 [info] > git status -z -uall [7ms]
2023-08-26 15:56:10.200 [info] > git config --get commit.template [7ms]
2023-08-26 15:56:10.201 [info] > git for-each-ref --format=%(refname)%00%(upstream:short)%00%(objectname)%00%(upstream:track)%00%(upstream:remotename)%00%(upstream:remoteref) refs/heads/main refs/remotes/main [2ms]
2023-08-26 15:56:10.216 [info] > git status -z -uall [7ms]
2023-08-26 15:56:33.722 [info] > git config --get commit.template [3ms]
2023-08-26 15:56:33.736 [info] > git for-each-ref --format=%(refname)%00%(upstream:short)%00%(objectname)%00%(upstream:track)%00%(upstream:remotename)%00%(upstream:remoteref) refs/heads/main refs/remotes/main [2ms]
2023-08-26 15:56:33.753 [info] > git status -z -uall [6ms]
2023-08-26 16:00:10.214 [info] > git config --get commit.template [1ms]
2023-08-26 16:00:10.230 [info] > git for-each-ref --format=%(refname)%00%(upstream:short)%00%(objectname)%00%(upstream:track)%00%(upstream:remotename)%00%(upstream:remoteref) refs/heads/main refs/remotes/main [3ms]
2023-08-26 16:00:10.243 [info] > git status -z -uall [6ms]
2023-08-26 16:01:10.214 [info] > git config --get commit.template [8ms]
2023-08-26 16:01:10.215 [info] > git for-each-ref --format=%(refname)%00%(upstream:short)%00%(objectname)%00%(upstream:track)%00%(upstream:remotename)%00%(upstream:remoteref) refs/heads/main refs/remotes/main [2ms]
2023-08-26 16:01:10.228 [info] > git status -z -uall [6ms]
2023-08-26 16:01:33.758 [info] > git config --get commit.template [14ms]
2023-08-26 16:01:33.758 [info] > git for-each-ref --format=%(refname)%00%(upstream:short)%00%(objectname)%00%(upstream:track)%00%(upstream:remotename)%00%(upstream:remoteref) refs/heads/main refs/remotes/main [1ms]
2023-08-26 16:01:33.772 [info] > git status -z -uall [6ms]
2023-08-26 16:02:10.217 [info] > git config --get commit.template [2ms]
2023-08-26 16:02:10.229 [info] > git for-each-ref --format=%(refname)%00%(upstream:short)%00%(objectname)%00%(upstream:track)%00%(upstream:remotename)%00%(upstream:remoteref) refs/heads/main refs/remotes/main [3ms]
2023-08-26 16:02:10.244 [info] > git status -z -uall [7ms]
2023-08-26 16:04:10.341 [info] > git config --get commit.template [7ms]
2023-08-26 16:04:10.342 [info] > git for-each-ref --format=%(refname)%00%(upstream:short)%00%(objectname)%00%(upstream:track)%00%(upstream:remotename)%00%(upstream:remoteref) refs/heads/main refs/remotes/main [2ms]
2023-08-26 16:04:10.355 [info] > git status -z -uall [6ms]
2023-08-26 16:07:26.469 [info] > git config --get commit.template [11ms]
2023-08-26 16:07:26.472 [info] > git for-each-ref --format=%(refname)%00%(upstream:short)%00%(objectname)%00%(upstream:track)%00%(upstream:remotename)%00%(upstream:remoteref) refs/heads/main refs/remotes/main [4ms]
2023-08-26 16:07:26.515 [info] > git status -z -uall [27ms]
2023-08-26 16:07:31.547 [info] > git config --get commit.template [12ms]
2023-08-26 16:07:31.549 [info] > git for-each-ref --format=%(refname)%00%(upstream:short)%00%(objectname)%00%(upstream:track)%00%(upstream:remotename)%00%(upstream:remoteref) refs/heads/main refs/remotes/main [3ms]
2023-08-26 16:07:31.574 [info] > git status -z -uall [16ms]
2023-08-26 16:07:52.503 [info] > git config --get commit.template [19ms]
2023-08-26 16:07:52.506 [info] > git for-each-ref --format=%(refname)%00%(upstream:short)%00%(objectname)%00%(upstream:track)%00%(upstream:remotename)%00%(upstream:remoteref) refs/heads/main refs/remotes/main [5ms]
2023-08-26 16:07:52.537 [info] > git status -z -uall [13ms]
2023-08-26 16:08:10.230 [info] > git config --get commit.template [9ms]
2023-08-26 16:08:10.231 [info] > git for-each-ref --format=%(refname)%00%(upstream:short)%00%(objectname)%00%(upstream:track)%00%(upstream:remotename)%00%(upstream:remoteref) refs/heads/main refs/remotes/main [2ms]
2023-08-26 16:08:10.248 [info] > git status -z -uall [8ms]
2023-08-26 16:12:38.892 [info] > git config --get commit.template [14ms]
2023-08-26 16:12:38.904 [info] > git for-each-ref --format=%(refname)%00%(upstream:short)%00%(objectname)%00%(upstream:track)%00%(upstream:remotename)%00%(upstream:remoteref) refs/heads/main refs/remotes/main [13ms]
2023-08-26 16:12:38.938 [info] > git status -z -uall [8ms]
2023-08-26 16:13:10.266 [info] > git config --get commit.template [15ms]
2023-08-26 16:13:10.271 [info] > git for-each-ref --format=%(refname)%00%(upstream:short)%00%(objectname)%00%(upstream:track)%00%(upstream:remotename)%00%(upstream:remoteref) refs/heads/main refs/remotes/main [6ms]
2023-08-26 16:13:10.290 [info] > git status -z -uall [10ms]
2023-08-26 16:14:10.242 [info] > git config --get commit.template [12ms]
2023-08-26 16:14:10.244 [info] > git for-each-ref --format=%(refname)%00%(upstream:short)%00%(objectname)%00%(upstream:track)%00%(upstream:remotename)%00%(upstream:remoteref) refs/heads/main refs/remotes/main [3ms]
2023-08-26 16:14:10.261 [info] > git status -z -uall [7ms]
2023-08-26 16:16:10.360 [info] > git config --get commit.template [9ms]
2023-08-26 16:16:10.361 [info] > git for-each-ref --format=%(refname)%00%(upstream:short)%00%(objectname)%00%(upstream:track)%00%(upstream:remotename)%00%(upstream:remoteref) refs/heads/main refs/remotes/main [2ms]
2023-08-26 16:16:10.375 [info] > git status -z -uall [7ms]
2023-08-26 16:16:33.856 [info] > git config --get commit.template [8ms]
2023-08-26 16:16:33.857 [info] > git for-each-ref --format=%(refname)%00%(upstream:short)%00%(objectname)%00%(upstream:track)%00%(upstream:remotename)%00%(upstream:remoteref) refs/heads/main refs/remotes/main [2ms]
2023-08-26 16:16:33.870 [info] > git status -z -uall [7ms]
2023-08-26 16:17:10.281 [info] > git for-each-ref --format=%(refname)%00%(upstream:short)%00%(objectname)%00%(upstream:track)%00%(upstream:remotename)%00%(upstream:remoteref) refs/heads/main refs/remotes/main [3ms]
2023-08-26 16:17:10.282 [info] > git config --get commit.template [14ms]
2023-08-26 16:17:10.302 [info] > git status -z -uall [7ms]
2023-08-26 16:18:10.269 [info] > git config --get commit.template [10ms]
2023-08-26 16:18:10.270 [info] > git for-each-ref --format=%(refname)%00%(upstream:short)%00%(objectname)%00%(upstream:track)%00%(upstream:remotename)%00%(upstream:remoteref) refs/heads/main refs/remotes/main [2ms]
2023-08-26 16:18:10.286 [info] > git status -z -uall [6ms]
2023-08-26 16:21:33.921 [info] > git config --get commit.template [12ms]
2023-08-26 16:21:33.922 [info] > git for-each-ref --format=%(refname)%00%(upstream:short)%00%(objectname)%00%(upstream:track)%00%(upstream:remotename)%00%(upstream:remoteref) refs/heads/main refs/remotes/main [2ms]
2023-08-26 16:21:33.938 [info] > git status -z -uall [8ms]
2023-08-26 16:24:56.429 [info] > git ls-files --stage -- /root/fmdev/discBiologia_Moodle_filled.csv [2ms]
2023-08-26 16:24:56.443 [info] > git show --textconv :discBiologia_Moodle_filled.csv [37ms]
2023-08-26 16:24:56.448 [info] > git cat-file -s 60746de59c7cb9b2f505eb7e0f18a07df58b0476 [6ms]
2023-08-26 16:24:57.684 [info] > git config --get commit.template [19ms]
2023-08-26 16:24:57.697 [info] > git for-each-ref --format=%(refname)%00%(upstream:short)%00%(objectname)%00%(upstream:track)%00%(upstream:remotename)%00%(upstream:remoteref) refs/heads/main refs/remotes/main [14ms]
2023-08-26 16:24:57.724 [info] > git status -z -uall [11ms]
2023-08-26 16:25:01.281 [info] > git show --textconv :discBiologia09-12.csv [32ms]
2023-08-26 16:25:01.283 [info] > git ls-files --stage -- /root/fmdev/discBiologia09-12.csv [4ms]
2023-08-26 16:25:01.306 [info] > git cat-file -s 242a5358b6aa4ea1cb40f637e7393d4c382228a0 [2ms]
2023-08-26 16:25:08.212 [info] > git config --get commit.template [16ms]
2023-08-26 16:25:08.212 [info] > git for-each-ref --format=%(refname)%00%(upstream:short)%00%(objectname)%00%(upstream:track)%00%(upstream:remotename)%00%(upstream:remoteref) refs/heads/main refs/remotes/main [3ms]
2023-08-26 16:25:08.230 [info] > git status -z -uall [8ms]
2023-08-26 16:25:13.258 [info] > git config --get commit.template [9ms]
2023-08-26 16:25:13.260 [info] > git for-each-ref --format=%(refname)%00%(upstream:short)%00%(objectname)%00%(upstream:track)%00%(upstream:remotename)%00%(upstream:remoteref) refs/heads/main refs/remotes/main [2ms]
2023-08-26 16:25:13.272 [info] > git status -z -uall [6ms]
2023-08-26 16:26:19.070 [info] > git show --textconv :discBiologia_Moodle_filled.csv [31ms]
2023-08-26 16:26:19.070 [info] > git ls-files --stage -- /root/fmdev/discBiologia_Moodle_filled.csv [2ms]
2023-08-26 16:26:19.113 [info] > git cat-file -s 60746de59c7cb9b2f505eb7e0f18a07df58b0476 [20ms]
2023-08-26 16:26:43.683 [info] > git for-each-ref --format=%(refname)%00%(upstream:short)%00%(objectname)%00%(upstream:track)%00%(upstream:remotename)%00%(upstream:remoteref) refs/heads/main refs/remotes/main [13ms]
2023-08-26 16:26:43.683 [info] > git config --get commit.template [33ms]
2023-08-26 16:26:43.709 [info] > git status -z -uall [9ms]
2023-08-26 16:26:48.727 [info] > git config --get commit.template [2ms]
2023-08-26 16:26:48.737 [info] > git for-each-ref --format=%(refname)%00%(upstream:short)%00%(objectname)%00%(upstream:track)%00%(upstream:remotename)%00%(upstream:remoteref) refs/heads/main refs/remotes/main [2ms]
2023-08-26 16:26:48.753 [info] > git status -z -uall [8ms]
2023-08-26 16:27:48.103 [info] > git config --get commit.template [23ms]
2023-08-26 16:27:48.106 [info] > git for-each-ref --format=%(refname)%00%(upstream:short)%00%(objectname)%00%(upstream:track)%00%(upstream:remotename)%00%(upstream:remoteref) refs/heads/main refs/remotes/main [4ms]
2023-08-26 16:27:48.131 [info] > git status -z -uall [14ms]
2023-08-26 16:28:30.598 [info] > git config --get commit.template [22ms]
2023-08-26 16:28:30.601 [info] > git for-each-ref --format=%(refname)%00%(upstream:short)%00%(objectname)%00%(upstream:track)%00%(upstream:remotename)%00%(upstream:remoteref) refs/heads/main refs/remotes/main [4ms]
2023-08-26 16:28:30.625 [info] > git status -z -uall [10ms]
2023-08-26 16:28:35.646 [info] > git config --get commit.template [2ms]
2023-08-26 16:28:35.658 [info] > git for-each-ref --format=%(refname)%00%(upstream:short)%00%(objectname)%00%(upstream:track)%00%(upstream:remotename)%00%(upstream:remoteref) refs/heads/main refs/remotes/main [2ms]
2023-08-26 16:28:35.677 [info] > git status -z -uall [8ms]
2023-08-26 16:28:53.366 [info] > git config --get commit.template [31ms]
2023-08-26 16:28:53.378 [info] > git for-each-ref --format=%(refname)%00%(upstream:short)%00%(objectname)%00%(upstream:track)%00%(upstream:remotename)%00%(upstream:remoteref) refs/heads/main refs/remotes/main [13ms]
2023-08-26 16:28:53.409 [info] > git status -z -uall [11ms]
2023-08-26 16:28:58.429 [info] > git config --get commit.template [3ms]
2023-08-26 16:28:58.440 [info] > git for-each-ref --format=%(refname)%00%(upstream:short)%00%(objectname)%00%(upstream:track)%00%(upstream:remotename)%00%(upstream:remoteref) refs/heads/main refs/remotes/main [2ms]
2023-08-26 16:28:58.460 [info] > git status -z -uall [8ms]
2023-08-26 16:29:10.270 [info] > git config --get commit.template [1ms]
2023-08-26 16:29:10.282 [info] > git for-each-ref --format=%(refname)%00%(upstream:short)%00%(objectname)%00%(upstream:track)%00%(upstream:remotename)%00%(upstream:remoteref) refs/heads/main refs/remotes/main [2ms]
2023-08-26 16:29:10.296 [info] > git status -z -uall [6ms]
2023-08-26 16:30:10.285 [info] > git config --get commit.template [9ms]
2023-08-26 16:30:10.287 [info] > git for-each-ref --format=%(refname)%00%(upstream:short)%00%(objectname)%00%(upstream:track)%00%(upstream:remotename)%00%(upstream:remoteref) refs/heads/main refs/remotes/main [3ms]
2023-08-26 16:30:10.305 [info] > git status -z -uall [7ms]
2023-08-26 16:30:53.347 [info] > git config --get commit.template [13ms]
2023-08-26 16:30:53.348 [info] > git for-each-ref --format=%(refname)%00%(upstream:short)%00%(objectname)%00%(upstream:track)%00%(upstream:remotename)%00%(upstream:remoteref) refs/heads/main refs/remotes/main [3ms]
2023-08-26 16:30:53.363 [info] > git status -z -uall [6ms]
2023-08-26 16:31:05.871 [info] > git for-each-ref --format=%(refname)%00%(upstream:short)%00%(objectname)%00%(upstream:track)%00%(upstream:remotename)%00%(upstream:remoteref) refs/heads/main refs/remotes/main [12ms]
2023-08-26 16:31:05.872 [info] > git config --get commit.template [24ms]
2023-08-26 16:31:05.888 [info] > git status -z -uall [6ms]
2023-08-26 16:31:10.905 [info] > git config --get commit.template [1ms]
2023-08-26 16:31:10.916 [info] > git for-each-ref --format=%(refname)%00%(upstream:short)%00%(objectname)%00%(upstream:track)%00%(upstream:remotename)%00%(upstream:remoteref) refs/heads/main refs/remotes/main [2ms]
2023-08-26 16:31:10.931 [info] > git status -z -uall [6ms]
2023-08-26 16:31:23.543 [info] > git config --get commit.template [9ms]
2023-08-26 16:31:23.544 [info] > git for-each-ref --format=%(refname)%00%(upstream:short)%00%(objectname)%00%(upstream:track)%00%(upstream:remotename)%00%(upstream:remoteref) refs/heads/main refs/remotes/main [2ms]
2023-08-26 16:31:23.557 [info] > git status -z -uall [6ms]
2023-08-26 16:31:33.959 [info] > git config --get commit.template [8ms]
2023-08-26 16:31:33.960 [info] > git for-each-ref --format=%(refname)%00%(upstream:short)%00%(objectname)%00%(upstream:track)%00%(upstream:remotename)%00%(upstream:remoteref) refs/heads/main refs/remotes/main [2ms]
2023-08-26 16:31:33.972 [info] > git status -z -uall [6ms]
2023-08-26 16:31:39.000 [info] > git config --get commit.template [9ms]
2023-08-26 16:31:39.001 [info] > git for-each-ref --format=%(refname)%00%(upstream:short)%00%(objectname)%00%(upstream:track)%00%(upstream:remotename)%00%(upstream:remoteref) refs/heads/main refs/remotes/main [2ms]
2023-08-26 16:31:39.015 [info] > git status -z -uall [6ms]
2023-08-26 16:32:42.828 [info] > git config --get commit.template [9ms]
2023-08-26 16:32:42.830 [info] > git for-each-ref --format=%(refname)%00%(upstream:short)%00%(objectname)%00%(upstream:track)%00%(upstream:remotename)%00%(upstream:remoteref) refs/heads/main refs/remotes/main [3ms]
2023-08-26 16:32:42.844 [info] > git status -z -uall [6ms]
2023-08-26 16:33:10.292 [info] > git config --get commit.template [10ms]
2023-08-26 16:33:10.292 [info] > git for-each-ref --format=%(refname)%00%(upstream:short)%00%(objectname)%00%(upstream:track)%00%(upstream:remotename)%00%(upstream:remoteref) refs/heads/main refs/remotes/main [2ms]
2023-08-26 16:33:10.306 [info] > git status -z -uall [5ms]
2023-08-26 16:34:10.302 [info] > git config --get commit.template [9ms]
2023-08-26 16:34:10.303 [info] > git for-each-ref --format=%(refname)%00%(upstream:short)%00%(objectname)%00%(upstream:track)%00%(upstream:remotename)%00%(upstream:remoteref) refs/heads/main refs/remotes/main [2ms]
2023-08-26 16:34:10.319 [info] > git status -z -uall [6ms]
2023-08-26 16:35:10.295 [info] > git config --get commit.template [2ms]
2023-08-26 16:35:10.306 [info] > git for-each-ref --format=%(refname)%00%(upstream:short)%00%(objectname)%00%(upstream:track)%00%(upstream:remotename)%00%(upstream:remoteref) refs/heads/main refs/remotes/main [2ms]
2023-08-26 16:35:10.322 [info] > git status -z -uall [7ms]
2023-08-26 16:36:10.306 [info] > git config --get commit.template [8ms]
2023-08-26 16:36:10.308 [info] > git for-each-ref --format=%(refname)%00%(upstream:short)%00%(objectname)%00%(upstream:track)%00%(upstream:remotename)%00%(upstream:remoteref) refs/heads/main refs/remotes/main [1ms]
2023-08-26 16:36:10.321 [info] > git status -z -uall [6ms]
2023-08-26 16:36:34.017 [info] > git config --get commit.template [9ms]
2023-08-26 16:36:34.018 [info] > git for-each-ref --format=%(refname)%00%(upstream:short)%00%(objectname)%00%(upstream:track)%00%(upstream:remotename)%00%(upstream:remoteref) refs/heads/main refs/remotes/main [2ms]
2023-08-26 16:36:34.032 [info] > git status -z -uall [6ms]
2023-08-26 16:37:10.331 [info] > git config --get commit.template [9ms]
2023-08-26 16:37:10.333 [info] > git for-each-ref --format=%(refname)%00%(upstream:short)%00%(objectname)%00%(upstream:track)%00%(upstream:remotename)%00%(upstream:remoteref) refs/heads/main refs/remotes/main [2ms]
2023-08-26 16:37:10.347 [info] > git status -z -uall [7ms]
2023-08-26 16:38:10.319 [info] > git config --get commit.template [11ms]
2023-08-26 16:38:10.320 [info] > git for-each-ref --format=%(refname)%00%(upstream:short)%00%(objectname)%00%(upstream:track)%00%(upstream:remotename)%00%(upstream:remoteref) refs/heads/main refs/remotes/main [3ms]
2023-08-26 16:38:10.339 [info] > git status -z -uall [10ms]
2023-08-26 16:39:10.319 [info] > git config --get commit.template [9ms]
2023-08-26 16:39:10.320 [info] > git for-each-ref --format=%(refname)%00%(upstream:short)%00%(objectname)%00%(upstream:track)%00%(upstream:remotename)%00%(upstream:remoteref) refs/heads/main refs/remotes/main [2ms]
2023-08-26 16:39:10.334 [info] > git status -z -uall [6ms]
2023-08-26 16:41:10.346 [info] > git config --get commit.template [24ms]
2023-08-26 16:41:10.347 [info] > git for-each-ref --format=%(refname)%00%(upstream:short)%00%(objectname)%00%(upstream:track)%00%(upstream:remotename)%00%(upstream:remoteref) refs/heads/main refs/remotes/main [14ms]
2023-08-26 16:41:10.361 [info] > git status -z -uall [6ms]
2023-08-26 16:41:15.381 [info] > git config --get commit.template [3ms]
2023-08-26 16:41:15.404 [info] > git for-each-ref --format=%(refname)%00%(upstream:short)%00%(objectname)%00%(upstream:track)%00%(upstream:remotename)%00%(upstream:remoteref) refs/heads/main refs/remotes/main [8ms]
2023-08-26 16:41:15.425 [info] > git status -z -uall [8ms]
2023-08-26 16:41:34.202 [info] > git config --get commit.template [12ms]
2023-08-26 16:41:34.204 [info] > git for-each-ref --format=%(refname)%00%(upstream:short)%00%(objectname)%00%(upstream:track)%00%(upstream:remotename)%00%(upstream:remoteref) refs/heads/main refs/remotes/main [3ms]
2023-08-26 16:41:34.220 [info] > git status -z -uall [7ms]
2023-08-26 16:42:10.336 [info] > git config --get commit.template [10ms]
2023-08-26 16:42:10.337 [info] > git for-each-ref --format=%(refname)%00%(upstream:short)%00%(objectname)%00%(upstream:track)%00%(upstream:remotename)%00%(upstream:remoteref) refs/heads/main refs/remotes/main [2ms]
2023-08-26 16:42:10.351 [info] > git status -z -uall [6ms]
2023-08-26 16:54:24.448 [info] > git config --get commit.template [13ms]
2023-08-26 16:54:24.449 [info] > git for-each-ref --format=%(refname)%00%(upstream:short)%00%(objectname)%00%(upstream:track)%00%(upstream:remotename)%00%(upstream:remoteref) refs/heads/main refs/remotes/main [2ms]
2023-08-26 16:54:24.472 [info] > git status -z -uall [14ms]
2023-08-26 16:54:27.223 [info] > git check-ignore -v -z --stdin [27ms]
2023-08-26 16:54:28.560 [info] > git check-ignore -v -z --stdin [1ms]
2023-08-26 16:54:29.496 [info] > git config --get commit.template [9ms]
2023-08-26 16:54:29.498 [info] > git for-each-ref --format=%(refname)%00%(upstream:short)%00%(objectname)%00%(upstream:track)%00%(upstream:remotename)%00%(upstream:remoteref) refs/heads/main refs/remotes/main [3ms]
2023-08-26 16:54:29.513 [info] > git status -z -uall [7ms]
2023-08-26 16:54:33.479 [info] > git check-ignore -v -z --stdin [2ms]
2023-08-26 16:54:34.911 [info] > git config --get commit.template [15ms]
2023-08-26 16:54:34.912 [info] > git for-each-ref --format=%(refname)%00%(upstream:short)%00%(objectname)%00%(upstream:track)%00%(upstream:remotename)%00%(upstream:remoteref) refs/heads/main refs/remotes/main [2ms]
2023-08-26 16:54:34.938 [info] > git status -z -uall [10ms]
2023-08-26 16:54:35.338 [info] > git check-ignore -v -z --stdin [2ms]
2023-08-26 16:54:36.630 [info] > git check-ignore -v -z --stdin [2ms]
2023-08-26 16:54:37.657 [info] > git check-ignore -v -z --stdin [2ms]
2023-08-26 16:54:39.966 [info] > git config --get commit.template [10ms]
2023-08-26 16:54:39.967 [info] > git for-each-ref --format=%(refname)%00%(upstream:short)%00%(objectname)%00%(upstream:track)%00%(upstream:remotename)%00%(upstream:remoteref) refs/heads/main refs/remotes/main [3ms]
2023-08-26 16:54:39.983 [info] > git status -z -uall [5ms]
2023-08-26 16:54:40.153 [info] > git check-ignore -v -z --stdin [1ms]
2023-08-26 16:54:41.132 [info] > git check-ignore -v -z --stdin [2ms]
2023-08-26 16:54:42.288 [info] > git check-ignore -v -z --stdin [1ms]
2023-08-26 16:54:45.006 [info] > git config --get commit.template [9ms]
2023-08-26 16:54:45.007 [info] > git for-each-ref --format=%(refname)%00%(upstream:short)%00%(objectname)%00%(upstream:track)%00%(upstream:remotename)%00%(upstream:remoteref) refs/heads/main refs/remotes/main [2ms]
2023-08-26 16:54:45.022 [info] > git status -z -uall [6ms]
2023-08-26 16:54:45.171 [info] > git check-ignore -v -z --stdin [1ms]
2023-08-26 16:54:48.656 [info] > git check-ignore -v -z --stdin [2ms]
2023-08-26 16:54:49.878 [info] > git check-ignore -v -z --stdin [1ms]
2023-08-26 16:54:50.045 [info] > git config --get commit.template [9ms]
2023-08-26 16:54:50.046 [info] > git for-each-ref --format=%(refname)%00%(upstream:short)%00%(objectname)%00%(upstream:track)%00%(upstream:remotename)%00%(upstream:remoteref) refs/heads/main refs/remotes/main [2ms]
2023-08-26 16:54:50.059 [info] > git status -z -uall [6ms]
2023-08-26 16:54:55.073 [info] > git config --get commit.template [2ms]
2023-08-26 16:54:55.083 [info] > git for-each-ref --format=%(refname)%00%(upstream:short)%00%(objectname)%00%(upstream:track)%00%(upstream:remotename)%00%(upstream:remoteref) refs/heads/main refs/remotes/main [3ms]
2023-08-26 16:54:55.097 [info] > git status -z -uall [6ms]
2023-08-26 16:55:00.427 [info] > git check-ignore -v -z --stdin [2ms]
2023-08-26 16:55:01.405 [info] > git check-ignore -v -z --stdin [1ms]
2023-08-26 16:55:02.909 [info] > git config --get commit.template [9ms]
2023-08-26 16:55:02.910 [info] > git for-each-ref --format=%(refname)%00%(upstream:short)%00%(objectname)%00%(upstream:track)%00%(upstream:remotename)%00%(upstream:remoteref) refs/heads/main refs/remotes/main [2ms]
2023-08-26 16:55:02.925 [info] > git status -z -uall [8ms]
2023-08-26 16:55:05.197 [info] > git check-ignore -v -z --stdin [2ms]
2023-08-26 16:55:07.971 [info] > git config --get commit.template [21ms]
2023-08-26 16:55:07.972 [info] > git for-each-ref --format=%(refname)%00%(upstream:short)%00%(objectname)%00%(upstream:track)%00%(upstream:remotename)%00%(upstream:remoteref) refs/heads/main refs/remotes/main [4ms]
2023-08-26 16:55:08.000 [info] > git status -z -uall [13ms]
2023-08-26 16:55:08.258 [info] > git check-ignore -v -z --stdin [2ms]
2023-08-26 16:55:11.836 [info] > git check-ignore -v -z --stdin [3ms]
2023-08-26 16:55:13.028 [info] > git config --get commit.template [10ms]
2023-08-26 16:55:13.029 [info] > git for-each-ref --format=%(refname)%00%(upstream:short)%00%(objectname)%00%(upstream:track)%00%(upstream:remotename)%00%(upstream:remoteref) refs/heads/main refs/remotes/main [2ms]
2023-08-26 16:55:13.044 [info] > git status -z -uall [6ms]
2023-08-26 16:55:14.616 [info] > git show --textconv :frontend/src/components/PreProcessing/index.js [348ms]
2023-08-26 16:55:14.616 [info] > git ls-files --stage -- /root/fmdev/frontend/src/components/PreProcessing/index.js [326ms]
2023-08-26 16:55:14.672 [info] > git cat-file -s b3f064510560315add9a0393d0fb965d7ff4f638 [10ms]
2023-08-26 16:55:18.117 [info] > git config --get commit.template [19ms]
2023-08-26 16:55:18.184 [info] > git for-each-ref --format=%(refname)%00%(upstream:short)%00%(objectname)%00%(upstream:track)%00%(upstream:remotename)%00%(upstream:remoteref) refs/heads/main refs/remotes/main [29ms]
2023-08-26 16:55:18.220 [info] > git status -z -uall [17ms]
2023-08-26 16:55:27.642 [info] > git config --get commit.template [11ms]
2023-08-26 16:55:27.643 [info] > git for-each-ref --format=%(refname)%00%(upstream:short)%00%(objectname)%00%(upstream:track)%00%(upstream:remotename)%00%(upstream:remoteref) refs/heads/main refs/remotes/main [2ms]
2023-08-26 16:55:27.661 [info] > git status -z -uall [6ms]
2023-08-26 16:55:32.750 [info] > git config --get commit.template [47ms]
2023-08-26 16:55:32.764 [info] > git for-each-ref --format=%(refname)%00%(upstream:short)%00%(objectname)%00%(upstream:track)%00%(upstream:remotename)%00%(upstream:remoteref) refs/heads/main refs/remotes/main [39ms]
2023-08-26 16:55:32.818 [info] > git status -z -uall [25ms]
2023-08-26 16:55:40.339 [info] > git config --get commit.template [13ms]
2023-08-26 16:55:40.340 [info] > git for-each-ref --format=%(refname)%00%(upstream:short)%00%(objectname)%00%(upstream:track)%00%(upstream:remotename)%00%(upstream:remoteref) refs/heads/main refs/remotes/main [2ms]
2023-08-26 16:55:40.362 [info] > git status -z -uall [10ms]
2023-08-26 16:56:38.419 [info] > git config --get commit.template [27ms]
2023-08-26 16:56:38.422 [info] > git for-each-ref --format=%(refname)%00%(upstream:short)%00%(objectname)%00%(upstream:track)%00%(upstream:remotename)%00%(upstream:remoteref) refs/heads/main refs/remotes/main [4ms]
2023-08-26 16:56:38.457 [info] > git status -z -uall [20ms]
2023-08-26 16:56:43.487 [info] > git config --get commit.template [11ms]
2023-08-26 16:56:43.488 [info] > git for-each-ref --format=%(refname)%00%(upstream:short)%00%(objectname)%00%(upstream:track)%00%(upstream:remotename)%00%(upstream:remoteref) refs/heads/main refs/remotes/main [2ms]
2023-08-26 16:56:43.502 [info] > git status -z -uall [6ms]
2023-08-26 16:56:59.009 [info] > git config --get commit.template [34ms]
2023-08-26 16:56:59.012 [info] > git for-each-ref --format=%(refname)%00%(upstream:short)%00%(objectname)%00%(upstream:track)%00%(upstream:remotename)%00%(upstream:remoteref) refs/heads/main refs/remotes/main [4ms]
2023-08-26 16:56:59.049 [info] > git status -z -uall [13ms]
2023-08-26 16:57:22.409 [info] > git config --get commit.template [13ms]
2023-08-26 16:57:22.412 [info] > git for-each-ref --format=%(refname)%00%(upstream:short)%00%(objectname)%00%(upstream:track)%00%(upstream:remotename)%00%(upstream:remoteref) refs/heads/main refs/remotes/main [5ms]
2023-08-26 16:57:22.436 [info] > git status -z -uall [9ms]
2023-08-26 16:57:27.459 [info] > git config --get commit.template [8ms]
2023-08-26 16:57:27.460 [info] > git for-each-ref --format=%(refname)%00%(upstream:short)%00%(objectname)%00%(upstream:track)%00%(upstream:remotename)%00%(upstream:remoteref) refs/heads/main refs/remotes/main [1ms]
2023-08-26 16:57:27.473 [info] > git status -z -uall [6ms]
2023-08-26 16:57:34.402 [info] > git config --get commit.template [1ms]
2023-08-26 16:57:34.431 [info] > git for-each-ref --format=%(refname)%00%(upstream:short)%00%(objectname)%00%(upstream:track)%00%(upstream:remotename)%00%(upstream:remoteref) refs/heads/main refs/remotes/main [11ms]
2023-08-26 16:57:34.452 [info] > git status -z -uall [9ms]
2023-08-26 16:57:53.640 [info] > git for-each-ref --format=%(refname)%00%(upstream:short)%00%(objectname)%00%(upstream:track)%00%(upstream:remotename)%00%(upstream:remoteref) refs/heads/main refs/remotes/main [8ms]
2023-08-26 16:57:53.652 [info] > git config --get commit.template [43ms]
2023-08-26 16:57:53.677 [info] > git status -z -uall [10ms]
2023-08-26 16:57:58.739 [info] > git config --get commit.template [16ms]
2023-08-26 16:57:58.741 [info] > git for-each-ref --format=%(refname)%00%(upstream:short)%00%(objectname)%00%(upstream:track)%00%(upstream:remotename)%00%(upstream:remoteref) refs/heads/main refs/remotes/main [4ms]
2023-08-26 16:57:58.764 [info] > git status -z -uall [5ms]
2023-08-26 16:58:03.798 [info] > git config --get commit.template [11ms]
2023-08-26 16:58:03.800 [info] > git for-each-ref --format=%(refname)%00%(upstream:short)%00%(objectname)%00%(upstream:track)%00%(upstream:remotename)%00%(upstream:remoteref) refs/heads/main refs/remotes/main [3ms]
2023-08-26 16:58:03.817 [info] > git status -z -uall [6ms]
2023-08-26 16:58:08.852 [info] > git config --get commit.template [15ms]
2023-08-26 16:58:08.853 [info] > git for-each-ref --format=%(refname)%00%(upstream:short)%00%(objectname)%00%(upstream:track)%00%(upstream:remotename)%00%(upstream:remoteref) refs/heads/main refs/remotes/main [2ms]
2023-08-26 16:58:08.871 [info] > git status -z -uall [7ms]
2023-08-26 16:58:13.911 [info] > git config --get commit.template [8ms]
2023-08-26 16:58:13.913 [info] > git for-each-ref --format=%(refname)%00%(upstream:short)%00%(objectname)%00%(upstream:track)%00%(upstream:remotename)%00%(upstream:remoteref) refs/heads/main refs/remotes/main [3ms]
2023-08-26 16:58:13.930 [info] > git status -z -uall [6ms]
2023-08-26 16:58:18.975 [info] > git config --get commit.template [13ms]
2023-08-26 16:58:18.978 [info] > git for-each-ref --format=%(refname)%00%(upstream:short)%00%(objectname)%00%(upstream:track)%00%(upstream:remotename)%00%(upstream:remoteref) refs/heads/main refs/remotes/main [4ms]
2023-08-26 16:58:19.008 [info] > git status -z -uall [11ms]
2023-08-26 16:58:24.064 [info] > git config --get commit.template [23ms]
2023-08-26 16:58:24.074 [info] > git for-each-ref --format=%(refname)%00%(upstream:short)%00%(objectname)%00%(upstream:track)%00%(upstream:remotename)%00%(upstream:remoteref) refs/heads/main refs/remotes/main [11ms]
2023-08-26 16:58:24.106 [info] > git status -z -uall [8ms]
2023-08-26 16:58:29.265 [info] > git config --get commit.template [22ms]
2023-08-26 16:58:29.269 [info] > git for-each-ref --format=%(refname)%00%(upstream:short)%00%(objectname)%00%(upstream:track)%00%(upstream:remotename)%00%(upstream:remoteref) refs/heads/main refs/remotes/main [5ms]
2023-08-26 16:58:29.329 [info] > git status -z -uall [24ms]
2023-08-26 16:58:34.404 [info] > git config --get commit.template [30ms]
2023-08-26 16:58:34.405 [info] > git for-each-ref --format=%(refname)%00%(upstream:short)%00%(objectname)%00%(upstream:track)%00%(upstream:remotename)%00%(upstream:remoteref) refs/heads/main refs/remotes/main [18ms]
2023-08-26 16:58:34.423 [info] > git status -z -uall [7ms]
2023-08-26 16:59:20.564 [info] > git config --get commit.template [187ms]
2023-08-26 16:59:20.608 [info] > git for-each-ref --format=%(refname)%00%(upstream:short)%00%(objectname)%00%(upstream:track)%00%(upstream:remotename)%00%(upstream:remoteref) refs/heads/main refs/remotes/main [216ms]
2023-08-26 16:59:20.674 [info] > git status -z -uall [58ms]
2023-08-26 16:59:41.765 [info] > git config --get commit.template [2ms]
2023-08-26 16:59:41.786 [info] > git for-each-ref --format=%(refname)%00%(upstream:short)%00%(objectname)%00%(upstream:track)%00%(upstream:remotename)%00%(upstream:remoteref) refs/heads/main refs/remotes/main [6ms]
2023-08-26 16:59:41.834 [info] > git status -z -uall [15ms]
2023-08-26 16:59:58.824 [info] > git config --get commit.template [7ms]
2023-08-26 16:59:58.825 [info] > git for-each-ref --format=%(refname)%00%(upstream:short)%00%(objectname)%00%(upstream:track)%00%(upstream:remotename)%00%(upstream:remoteref) refs/heads/main refs/remotes/main [2ms]
2023-08-26 16:59:58.837 [info] > git status -z -uall [6ms]
2023-08-26 17:00:25.914 [info] > git config --get commit.template [15ms]
2023-08-26 17:00:25.917 [info] > git for-each-ref --format=%(refname)%00%(upstream:short)%00%(objectname)%00%(upstream:track)%00%(upstream:remotename)%00%(upstream:remoteref) refs/heads/main refs/remotes/main [4ms]
2023-08-26 17:00:25.933 [info] > git status -z -uall [6ms]
2023-08-26 17:01:25.894 [info] > git config --get commit.template [9ms]
2023-08-26 17:01:25.896 [info] > git for-each-ref --format=%(refname)%00%(upstream:short)%00%(objectname)%00%(upstream:track)%00%(upstream:remotename)%00%(upstream:remoteref) refs/heads/main refs/remotes/main [3ms]
2023-08-26 17:01:25.909 [info] > git status -z -uall [6ms]
2023-08-26 17:01:36.894 [info] > git config --get commit.template [3ms]
2023-08-26 17:01:36.916 [info] > git for-each-ref --format=%(refname)%00%(upstream:short)%00%(objectname)%00%(upstream:track)%00%(upstream:remotename)%00%(upstream:remoteref) refs/heads/main refs/remotes/main [9ms]
2023-08-26 17:01:36.941 [info] > git status -z -uall [7ms]
2023-08-26 17:01:53.445 [info] > git config --get commit.template [6ms]
2023-08-26 17:01:53.459 [info] > git for-each-ref --format=%(refname)%00%(upstream:short)%00%(objectname)%00%(upstream:track)%00%(upstream:remotename)%00%(upstream:remoteref) refs/heads/main refs/remotes/main [3ms]
2023-08-26 17:01:53.482 [info] > git status -z -uall [12ms]
2023-08-26 17:02:25.883 [info] > git config --get commit.template [2ms]
2023-08-26 17:02:25.893 [info] > git for-each-ref --format=%(refname)%00%(upstream:short)%00%(objectname)%00%(upstream:track)%00%(upstream:remotename)%00%(upstream:remoteref) refs/heads/main refs/remotes/main [1ms]
2023-08-26 17:02:25.907 [info] > git status -z -uall [7ms]
2023-08-26 17:03:20.232 [info] > git config --get commit.template [8ms]
2023-08-26 17:03:20.233 [info] > git for-each-ref --format=%(refname)%00%(upstream:short)%00%(objectname)%00%(upstream:track)%00%(upstream:remotename)%00%(upstream:remoteref) refs/heads/main refs/remotes/main [2ms]
2023-08-26 17:03:20.246 [info] > git status -z -uall [6ms]
2023-08-26 17:03:25.935 [info] > git for-each-ref --format=%(refname)%00%(upstream:short)%00%(objectname)%00%(upstream:track)%00%(upstream:remotename)%00%(upstream:remoteref) refs/heads/main refs/remotes/main [3ms]
2023-08-26 17:03:25.936 [info] > git config --get commit.template [30ms]
2023-08-26 17:03:25.972 [info] > git status -z -uall [10ms]
2023-08-26 17:04:00.640 [info] > git config --get commit.template [16ms]
2023-08-26 17:04:00.643 [info] > git for-each-ref --format=%(refname)%00%(upstream:short)%00%(objectname)%00%(upstream:track)%00%(upstream:remotename)%00%(upstream:remoteref) refs/heads/main refs/remotes/main [4ms]
2023-08-26 17:04:00.694 [info] > git status -z -uall [29ms]
2023-08-26 17:04:10.184 [info] > git config --get commit.template [9ms]
2023-08-26 17:04:10.185 [info] > git for-each-ref --format=%(refname)%00%(upstream:short)%00%(objectname)%00%(upstream:track)%00%(upstream:remotename)%00%(upstream:remoteref) refs/heads/main refs/remotes/main [2ms]
2023-08-26 17:04:10.199 [info] > git status -z -uall [6ms]
2023-08-26 17:04:14.511 [info] > git check-ignore -v -z --stdin [4ms]
2023-08-26 17:04:15.265 [info] > git config --get commit.template [9ms]
2023-08-26 17:04:15.266 [info] > git for-each-ref --format=%(refname)%00%(upstream:short)%00%(objectname)%00%(upstream:track)%00%(upstream:remotename)%00%(upstream:remoteref) refs/heads/main refs/remotes/main [2ms]
2023-08-26 17:04:15.279 [info] > git status -z -uall [6ms]
2023-08-26 17:04:16.121 [info] > git ls-files --stage -- /root/fmdev/frontend/src/components/PreProcessingDialog/index.js [3ms]
2023-08-26 17:04:16.150 [info] > git show --textconv :frontend/src/components/PreProcessingDialog/index.js [51ms]
2023-08-26 17:04:16.154 [info] > git cat-file -s f3eb40d098244ca61c989758afa9c05372f32a5e [18ms]
2023-08-26 17:04:25.911 [info] > git config --get commit.template [4ms]
2023-08-26 17:04:25.920 [info] > git for-each-ref --format=%(refname)%00%(upstream:short)%00%(objectname)%00%(upstream:track)%00%(upstream:remotename)%00%(upstream:remoteref) refs/heads/main refs/remotes/main [2ms]
2023-08-26 17:04:25.936 [info] > git status -z -uall [6ms]
2023-08-26 17:04:30.977 [info] > git config --get commit.template [15ms]
2023-08-26 17:04:30.979 [info] > git for-each-ref --format=%(refname)%00%(upstream:short)%00%(objectname)%00%(upstream:track)%00%(upstream:remotename)%00%(upstream:remoteref) refs/heads/main refs/remotes/main [2ms]
2023-08-26 17:04:31.027 [info] > git status -z -uall [17ms]
2023-08-26 17:04:52.528 [info] > git check-ignore -v -z --stdin [8ms]
2023-08-26 17:04:53.289 [info] > git config --get commit.template [9ms]
2023-08-26 17:04:53.320 [info] > git for-each-ref --format=%(refname)%00%(upstream:short)%00%(objectname)%00%(upstream:track)%00%(upstream:remotename)%00%(upstream:remoteref) refs/heads/main refs/remotes/main [10ms]
2023-08-26 17:04:53.346 [info] > git status -z -uall [9ms]
2023-08-26 17:04:53.585 [info] > git show --textconv :frontend/src/components/Train/index.js [48ms]
2023-08-26 17:04:53.589 [info] > git ls-files --stage -- /root/fmdev/frontend/src/components/Train/index.js [9ms]
2023-08-26 17:04:53.633 [info] > git cat-file -s 93a85d89e7c7a4b9e7ec115b29d6335ded4da052 [14ms]
2023-08-26 17:05:04.897 [info] > git config --get commit.template [19ms]
2023-08-26 17:05:04.899 [info] > git for-each-ref --format=%(refname)%00%(upstream:short)%00%(objectname)%00%(upstream:track)%00%(upstream:remotename)%00%(upstream:remoteref) refs/heads/main refs/remotes/main [2ms]
2023-08-26 17:05:04.915 [info] > git status -z -uall [6ms]
2023-08-26 17:05:09.945 [info] > git config --get commit.template [11ms]
2023-08-26 17:05:09.946 [info] > git for-each-ref --format=%(refname)%00%(upstream:short)%00%(objectname)%00%(upstream:track)%00%(upstream:remotename)%00%(upstream:remoteref) refs/heads/main refs/remotes/main [2ms]
2023-08-26 17:05:09.964 [info] > git status -z -uall [7ms]
2023-08-26 17:05:16.738 [info] > git config --get commit.template [8ms]
2023-08-26 17:05:16.740 [info] > git for-each-ref --format=%(refname)%00%(upstream:short)%00%(objectname)%00%(upstream:track)%00%(upstream:remotename)%00%(upstream:remoteref) refs/heads/main refs/remotes/main [3ms]
2023-08-26 17:05:16.752 [info] > git status -z -uall [6ms]
2023-08-26 17:05:26.352 [info] > git config --get commit.template [8ms]
2023-08-26 17:05:26.353 [info] > git for-each-ref --format=%(refname)%00%(upstream:short)%00%(objectname)%00%(upstream:track)%00%(upstream:remotename)%00%(upstream:remoteref) refs/heads/main refs/remotes/main [2ms]
2023-08-26 17:05:26.368 [info] > git status -z -uall [6ms]
2023-08-26 17:05:27.246 [info] > git check-ignore -v -z --stdin [2ms]
2023-08-26 17:05:27.890 [info] > git show --textconv :frontend/src/components/TrainMetricDialog/index.js [21ms]
2023-08-26 17:05:27.899 [info] > git ls-files --stage -- /root/fmdev/frontend/src/components/TrainMetricDialog/index.js [10ms]
2023-08-26 17:05:27.944 [info] > git cat-file -s 7ad76fef1529ba197047fabb8f8d07984c485141 [10ms]
2023-08-26 17:05:31.391 [info] > git config --get commit.template [8ms]
2023-08-26 17:05:31.392 [info] > git for-each-ref --format=%(refname)%00%(upstream:short)%00%(objectname)%00%(upstream:track)%00%(upstream:remotename)%00%(upstream:remoteref) refs/heads/main refs/remotes/main [2ms]
2023-08-26 17:05:31.404 [info] > git status -z -uall [6ms]
2023-08-26 17:05:38.177 [info] > git check-ignore -v -z --stdin [2ms]
2023-08-26 17:05:38.778 [info] > git show --textconv :frontend/src/components/TrainModelSaveDialog/index.js [24ms]
2023-08-26 17:05:38.793 [info] > git ls-files --stage -- /root/fmdev/frontend/src/components/TrainModelSaveDialog/index.js [16ms]
2023-08-26 17:05:38.842 [info] > git cat-file -s c288299980125dd46c326d66c927742f79f5d741 [10ms]
2023-08-26 17:05:38.977 [info] > git config --get commit.template [3ms]
2023-08-26 17:05:39.025 [info] > git for-each-ref --format=%(refname)%00%(upstream:short)%00%(objectname)%00%(upstream:track)%00%(upstream:remotename)%00%(upstream:remoteref) refs/heads/main refs/remotes/main [4ms]
2023-08-26 17:05:39.067 [info] > git status -z -uall [24ms]
2023-08-26 17:05:44.139 [info] > git config --get commit.template [22ms]
2023-08-26 17:05:44.141 [info] > git for-each-ref --format=%(refname)%00%(upstream:short)%00%(objectname)%00%(upstream:track)%00%(upstream:remotename)%00%(upstream:remoteref) refs/heads/main refs/remotes/main [3ms]
2023-08-26 17:05:44.180 [info] > git status -z -uall [14ms]
2023-08-26 17:05:47.680 [info] > git check-ignore -v -z --stdin [2ms]
2023-08-26 17:05:49.207 [info] > git config --get commit.template [8ms]
2023-08-26 17:05:49.208 [info] > git for-each-ref --format=%(refname)%00%(upstream:short)%00%(objectname)%00%(upstream:track)%00%(upstream:remotename)%00%(upstream:remoteref) refs/heads/main refs/remotes/main [2ms]
2023-08-26 17:05:49.221 [info] > git status -z -uall [6ms]
2023-08-26 17:05:50.977 [info] > git show --textconv :frontend/src/components/Upload/index.js [53ms]
2023-08-26 17:05:51.000 [info] > git ls-files --stage -- /root/fmdev/frontend/src/components/Upload/index.js [30ms]
2023-08-26 17:05:51.032 [info] > git cat-file -s f290f3e2ffaac6a98a93d7093ac10b0b1e034600 [7ms]
2023-08-26 17:05:54.245 [info] > git config --get commit.template [9ms]
2023-08-26 17:05:54.246 [info] > git for-each-ref --format=%(refname)%00%(upstream:short)%00%(objectname)%00%(upstream:track)%00%(upstream:remotename)%00%(upstream:remoteref) refs/heads/main refs/remotes/main [2ms]
2023-08-26 17:05:54.261 [info] > git status -z -uall [6ms]
2023-08-26 17:05:58.976 [info] > git check-ignore -v -z --stdin [2ms]
2023-08-26 17:05:59.697 [info] > git ls-files --stage -- /root/fmdev/frontend/src/components/UploadFileList/index.js [8ms]
2023-08-26 17:05:59.717 [info] > git show --textconv :frontend/src/components/UploadFileList/index.js [42ms]
2023-08-26 17:05:59.750 [info] > git cat-file -s 061eaee3adfee5555de4127009908444ca404551 [36ms]
2023-08-26 17:05:59.774 [info] > git config --get commit.template [24ms]
2023-08-26 17:05:59.781 [info] > git for-each-ref --format=%(refname)%00%(upstream:short)%00%(objectname)%00%(upstream:track)%00%(upstream:remotename)%00%(upstream:remoteref) refs/heads/main refs/remotes/main [9ms]
2023-08-26 17:05:59.813 [info] > git status -z -uall [12ms]
2023-08-26 17:06:04.834 [info] > git config --get commit.template [1ms]
2023-08-26 17:06:04.856 [info] > git for-each-ref --format=%(refname)%00%(upstream:short)%00%(objectname)%00%(upstream:track)%00%(upstream:remotename)%00%(upstream:remoteref) refs/heads/main refs/remotes/main [4ms]
2023-08-26 17:06:04.875 [info] > git status -z -uall [8ms]
2023-08-26 17:06:09.915 [info] > git config --get commit.template [13ms]
2023-08-26 17:06:09.917 [info] > git for-each-ref --format=%(refname)%00%(upstream:short)%00%(objectname)%00%(upstream:track)%00%(upstream:remotename)%00%(upstream:remoteref) refs/heads/main refs/remotes/main [2ms]
2023-08-26 17:06:09.937 [info] > git status -z -uall [8ms]
2023-08-26 17:06:14.485 [info] > git check-ignore -v -z --stdin [1ms]
2023-08-26 17:06:15.245 [info] > git config --get commit.template [10ms]
2023-08-26 17:06:15.246 [info] > git for-each-ref --format=%(refname)%00%(upstream:short)%00%(objectname)%00%(upstream:track)%00%(upstream:remotename)%00%(upstream:remoteref) refs/heads/main refs/remotes/main [2ms]
2023-08-26 17:06:15.265 [info] > git status -z -uall [9ms]
2023-08-26 17:06:17.194 [info] > git check-ignore -v -z --stdin [2ms]
2023-08-26 17:06:17.627 [info] > git show --textconv :frontend/src/components/MoodleConfigDialog/index.js [41ms]
2023-08-26 17:06:17.651 [info] > git ls-files --stage -- /root/fmdev/frontend/src/components/MoodleConfigDialog/index.js [25ms]
2023-08-26 17:06:17.686 [info] > git cat-file -s f34329135a72ba43e014889bc6aebcedb44bf7b7 [8ms]
2023-08-26 17:06:20.313 [info] > git config --get commit.template [19ms]
2023-08-26 17:06:20.316 [info] > git for-each-ref --format=%(refname)%00%(upstream:short)%00%(objectname)%00%(upstream:track)%00%(upstream:remotename)%00%(upstream:remoteref) refs/heads/main refs/remotes/main [4ms]
2023-08-26 17:06:20.345 [info] > git status -z -uall [8ms]
2023-08-26 17:06:26.110 [info] > git config --get commit.template [27ms]
2023-08-26 17:06:26.112 [info] > git for-each-ref --format=%(refname)%00%(upstream:short)%00%(objectname)%00%(upstream:track)%00%(upstream:remotename)%00%(upstream:remoteref) refs/heads/main refs/remotes/main [15ms]
2023-08-26 17:06:26.217 [info] > git status -z -uall [43ms]
2023-08-26 17:06:28.642 [info] > git show --textconv :frontend/src/components/PreProcessingDialog/index.js [12ms]
2023-08-26 17:06:28.645 [info] > git ls-files --stage -- /root/fmdev/frontend/src/components/PreProcessingDialog/index.js [4ms]
2023-08-26 17:06:28.656 [info] > git cat-file -s f3eb40d098244ca61c989758afa9c05372f32a5e [4ms]
2023-08-26 17:06:31.264 [info] > git config --get commit.template [10ms]
2023-08-26 17:06:31.266 [info] > git for-each-ref --format=%(refname)%00%(upstream:short)%00%(objectname)%00%(upstream:track)%00%(upstream:remotename)%00%(upstream:remoteref) refs/heads/main refs/remotes/main [3ms]
2023-08-26 17:06:31.288 [info] > git status -z -uall [8ms]
2023-08-26 17:06:36.325 [info] > git config --get commit.template [11ms]
2023-08-26 17:06:36.326 [info] > git for-each-ref --format=%(refname)%00%(upstream:short)%00%(objectname)%00%(upstream:track)%00%(upstream:remotename)%00%(upstream:remoteref) refs/heads/main refs/remotes/main [4ms]
2023-08-26 17:06:36.347 [info] > git status -z -uall [8ms]
2023-08-26 17:06:37.939 [info] > git check-ignore -v -z --stdin [2ms]
2023-08-26 17:06:38.406 [info] > git show --textconv :frontend/src/components/Chart/index.js [30ms]
2023-08-26 17:06:38.429 [info] > git ls-files --stage -- /root/fmdev/frontend/src/components/Chart/index.js [25ms]
2023-08-26 17:06:38.456 [info] > git cat-file -s 08129ac43c3c90ced683b7774ceb57f5e9990088 [5ms]
2023-08-26 17:06:41.424 [info] > git config --get commit.template [30ms]
2023-08-26 17:06:41.441 [info] > git for-each-ref --format=%(refname)%00%(upstream:short)%00%(objectname)%00%(upstream:track)%00%(upstream:remotename)%00%(upstream:remoteref) refs/heads/main refs/remotes/main [18ms]
2023-08-26 17:06:41.474 [info] > git status -z -uall [10ms]
2023-08-26 17:06:44.979 [info] > git check-ignore -v -z --stdin [2ms]
2023-08-26 17:06:45.476 [info] > git show --textconv :frontend/src/components/BreadCrumb/index.js [11ms]
2023-08-26 17:06:45.478 [info] > git ls-files --stage -- /root/fmdev/frontend/src/components/BreadCrumb/index.js [4ms]
2023-08-26 17:06:45.488 [info] > git cat-file -s c5e402fb18cb43757a3493e5ca4eb05678f3cf32 [2ms]
2023-08-26 17:06:46.521 [info] > git config --get commit.template [3ms]
2023-08-26 17:06:46.555 [info] > git for-each-ref --format=%(refname)%00%(upstream:short)%00%(objectname)%00%(upstream:track)%00%(upstream:remotename)%00%(upstream:remoteref) refs/heads/main refs/remotes/main [7ms]
2023-08-26 17:06:46.586 [info] > git status -z -uall [7ms]
2023-08-26 17:06:47.867 [info] > git check-ignore -v -z --stdin [6ms]
2023-08-26 17:06:48.377 [info] > git show --textconv :frontend/src/components/AlertDialog/index.js [76ms]
2023-08-26 17:06:48.399 [info] > git ls-files --stage -- /root/fmdev/frontend/src/components/AlertDialog/index.js [23ms]
2023-08-26 17:06:48.423 [info] > git cat-file -s 66f9292998ec1c2ca0c41205fcfb105c3b663ad3 [6ms]
2023-08-26 17:06:51.631 [info] > git config --get commit.template [11ms]
2023-08-26 17:06:51.659 [info] > git for-each-ref --format=%(refname)%00%(upstream:short)%00%(objectname)%00%(upstream:track)%00%(upstream:remotename)%00%(upstream:remoteref) refs/heads/main refs/remotes/main [10ms]
2023-08-26 17:06:51.694 [info] > git status -z -uall [16ms]
2023-08-26 17:06:55.274 [info] > git check-ignore -v -z --stdin [1ms]
2023-08-26 17:06:55.939 [info] > git show --textconv :frontend/src/components/DataSourceDialog/index.js [81ms]
2023-08-26 17:06:55.941 [info] > git ls-files --stage -- /root/fmdev/frontend/src/components/DataSourceDialog/index.js [38ms]
2023-08-26 17:06:55.977 [info] > git cat-file -s 605496e5b651c66925000d7b8455712468e7cb0b [8ms]
2023-08-26 17:06:56.728 [info] > git config --get commit.template [10ms]
2023-08-26 17:06:56.729 [info] > git for-each-ref --format=%(refname)%00%(upstream:short)%00%(objectname)%00%(upstream:track)%00%(upstream:remotename)%00%(upstream:remoteref) refs/heads/main refs/remotes/main [2ms]
2023-08-26 17:06:56.744 [info] > git status -z -uall [7ms]
2023-08-26 17:07:01.768 [info] > git config --get commit.template [8ms]
2023-08-26 17:07:01.769 [info] > git for-each-ref --format=%(refname)%00%(upstream:short)%00%(objectname)%00%(upstream:track)%00%(upstream:remotename)%00%(upstream:remoteref) refs/heads/main refs/remotes/main [2ms]
2023-08-26 17:07:01.782 [info] > git status -z -uall [6ms]
2023-08-26 17:07:08.833 [info] > git config --get commit.template [14ms]
2023-08-26 17:07:08.834 [info] > git for-each-ref --format=%(refname)%00%(upstream:short)%00%(objectname)%00%(upstream:track)%00%(upstream:remotename)%00%(upstream:remoteref) refs/heads/main refs/remotes/main [2ms]
2023-08-26 17:07:08.853 [info] > git status -z -uall [6ms]
2023-08-26 17:07:11.560 [info] > git check-ignore -v -z --stdin [1ms]
2023-08-26 17:07:12.082 [info] > git show --textconv :frontend/src/components/Dialog/index.js [22ms]
2023-08-26 17:07:12.112 [info] > git ls-files --stage -- /root/fmdev/frontend/src/components/Dialog/index.js [30ms]
2023-08-26 17:07:12.146 [info] > git cat-file -s 1f856f7a2d5d681aeba39ce9b8b0de86909bef0d [8ms]
2023-08-26 17:07:13.871 [info] > git config --get commit.template [2ms]
2023-08-26 17:07:13.879 [info] > git for-each-ref --format=%(refname)%00%(upstream:short)%00%(objectname)%00%(upstream:track)%00%(upstream:remotename)%00%(upstream:remoteref) refs/heads/main refs/remotes/main [1ms]
2023-08-26 17:07:13.892 [info] > git status -z -uall [6ms]
2023-08-26 17:07:15.543 [info] > git show --textconv :frontend/src/components/Indicators/index.js [65ms]
2023-08-26 17:07:15.590 [info] > git ls-files --stage -- /root/fmdev/frontend/src/components/Indicators/index.js [48ms]
2023-08-26 17:07:15.620 [info] > git cat-file -s 7e815c5c367096188e86832fd934f0640c8fd0b6 [5ms]
2023-08-26 17:07:18.915 [info] > git config --get commit.template [9ms]
2023-08-26 17:07:18.916 [info] > git for-each-ref --format=%(refname)%00%(upstream:short)%00%(objectname)%00%(upstream:track)%00%(upstream:remotename)%00%(upstream:remoteref) refs/heads/main refs/remotes/main [2ms]
2023-08-26 17:07:18.930 [info] > git status -z -uall [6ms]
2023-08-26 17:07:24.383 [info] > git config --get commit.template [22ms]
2023-08-26 17:07:24.389 [info] > git for-each-ref --format=%(refname)%00%(upstream:short)%00%(objectname)%00%(upstream:track)%00%(upstream:remotename)%00%(upstream:remoteref) refs/heads/main refs/remotes/main [7ms]
2023-08-26 17:07:24.416 [info] > git status -z -uall [11ms]
2023-08-26 17:07:29.444 [info] > git config --get commit.template [11ms]
2023-08-26 17:07:29.446 [info] > git for-each-ref --format=%(refname)%00%(upstream:short)%00%(objectname)%00%(upstream:track)%00%(upstream:remotename)%00%(upstream:remoteref) refs/heads/main refs/remotes/main [3ms]
2023-08-26 17:07:29.473 [info] > git status -z -uall [12ms]
2023-08-26 17:07:32.848 [info] > git show --textconv :frontend/src/components/MoodleConfigDialog/index.js [14ms]
2023-08-26 17:07:32.860 [info] > git ls-files --stage -- /root/fmdev/frontend/src/components/MoodleConfigDialog/index.js [12ms]
2023-08-26 17:07:32.883 [info] > git cat-file -s f34329135a72ba43e014889bc6aebcedb44bf7b7 [6ms]
2023-08-26 17:07:34.503 [info] > git config --get commit.template [8ms]
2023-08-26 17:07:34.505 [info] > git for-each-ref --format=%(refname)%00%(upstream:short)%00%(objectname)%00%(upstream:track)%00%(upstream:remotename)%00%(upstream:remoteref) refs/heads/main refs/remotes/main [2ms]
2023-08-26 17:07:34.519 [info] > git status -z -uall [7ms]
2023-08-26 17:07:44.903 [info] > git config --get commit.template [12ms]
2023-08-26 17:07:44.906 [info] > git for-each-ref --format=%(refname)%00%(upstream:short)%00%(objectname)%00%(upstream:track)%00%(upstream:remotename)%00%(upstream:remoteref) refs/heads/main refs/remotes/main [4ms]
2023-08-26 17:07:44.946 [info] > git status -z -uall [20ms]
2023-08-26 17:08:26.017 [info] > git config --get commit.template [23ms]
2023-08-26 17:08:26.021 [info] > git for-each-ref --format=%(refname)%00%(upstream:short)%00%(objectname)%00%(upstream:track)%00%(upstream:remotename)%00%(upstream:remoteref) refs/heads/main refs/remotes/main [4ms]
2023-08-26 17:08:26.051 [info] > git status -z -uall [16ms]
2023-08-26 17:08:39.384 [info] > git for-each-ref --format=%(refname)%00%(upstream:short)%00%(objectname)%00%(upstream:track)%00%(upstream:remotename)%00%(upstream:remoteref) refs/heads/main refs/remotes/main [10ms]
2023-08-26 17:08:39.385 [info] > git config --get commit.template [31ms]
2023-08-26 17:08:39.437 [info] > git status -z -uall [32ms]
2023-08-26 17:08:44.501 [info] > git config --get commit.template [34ms]
2023-08-26 17:08:44.502 [info] > git for-each-ref --format=%(refname)%00%(upstream:short)%00%(objectname)%00%(upstream:track)%00%(upstream:remotename)%00%(upstream:remoteref) refs/heads/main refs/remotes/main [2ms]
2023-08-26 17:08:44.540 [info] > git status -z -uall [11ms]
2023-08-26 17:09:04.710 [info] > git show --textconv :frontend/src/components/Indicators/index.js [68ms]
2023-08-26 17:09:04.717 [info] > git ls-files --stage -- /root/fmdev/frontend/src/components/Indicators/index.js [9ms]
2023-08-26 17:09:04.775 [info] > git cat-file -s 7e815c5c367096188e86832fd934f0640c8fd0b6 [19ms]
2023-08-26 17:09:04.891 [info] > git config --get commit.template [32ms]
2023-08-26 17:09:04.899 [info] > git for-each-ref --format=%(refname)%00%(upstream:short)%00%(objectname)%00%(upstream:track)%00%(upstream:remotename)%00%(upstream:remoteref) refs/heads/main refs/remotes/main [11ms]
2023-08-26 17:09:04.930 [info] > git status -z -uall [13ms]
2023-08-26 17:09:10.552 [info] > git config --get commit.template [1ms]
2023-08-26 17:09:10.579 [info] > git for-each-ref --format=%(refname)%00%(upstream:short)%00%(objectname)%00%(upstream:track)%00%(upstream:remotename)%00%(upstream:remoteref) refs/heads/main refs/remotes/main [5ms]
2023-08-26 17:09:10.624 [info] > git status -z -uall [25ms]
2023-08-26 17:09:17.379 [info] > git config --get commit.template [2ms]
2023-08-26 17:09:17.391 [info] > git for-each-ref --format=%(refname)%00%(upstream:short)%00%(objectname)%00%(upstream:track)%00%(upstream:remotename)%00%(upstream:remoteref) refs/heads/main refs/remotes/main [4ms]
2023-08-26 17:09:17.414 [info] > git status -z -uall [11ms]
2023-08-26 17:09:26.021 [info] > git config --get commit.template [26ms]
2023-08-26 17:09:26.028 [info] > git for-each-ref --format=%(refname)%00%(upstream:short)%00%(objectname)%00%(upstream:track)%00%(upstream:remotename)%00%(upstream:remoteref) refs/heads/main refs/remotes/main [9ms]
2023-08-26 17:09:26.047 [info] > git status -z -uall [9ms]
2023-08-26 17:09:31.105 [info] > git config --get commit.template [13ms]
2023-08-26 17:09:31.130 [info] > git for-each-ref --format=%(refname)%00%(upstream:short)%00%(objectname)%00%(upstream:track)%00%(upstream:remotename)%00%(upstream:remoteref) refs/heads/main refs/remotes/main [5ms]
2023-08-26 17:09:31.164 [info] > git status -z -uall [24ms]
2023-08-26 17:09:31.422 [info] > git show --textconv :frontend/src/components/PreProcessingDialog/index.js [33ms]
2023-08-26 17:09:31.436 [info] > git ls-files --stage -- /root/fmdev/frontend/src/components/PreProcessingDialog/index.js [15ms]
2023-08-26 17:09:31.492 [info] > git cat-file -s f3eb40d098244ca61c989758afa9c05372f32a5e [7ms]
2023-08-26 17:09:36.230 [info] > git for-each-ref --format=%(refname)%00%(upstream:short)%00%(objectname)%00%(upstream:track)%00%(upstream:remotename)%00%(upstream:remoteref) refs/heads/main refs/remotes/main [1ms]
2023-08-26 17:09:36.231 [info] > git config --get commit.template [26ms]
2023-08-26 17:09:36.247 [info] > git status -z -uall [7ms]
2023-08-26 17:09:42.916 [info] > git config --get commit.template [9ms]
2023-08-26 17:09:42.917 [info] > git for-each-ref --format=%(refname)%00%(upstream:short)%00%(objectname)%00%(upstream:track)%00%(upstream:remotename)%00%(upstream:remoteref) refs/heads/main refs/remotes/main [2ms]
2023-08-26 17:09:42.932 [info] > git status -z -uall [7ms]
2023-08-26 17:09:51.907 [info] > git show --textconv :frontend/src/components/PreProcessingDialog/styles.js [26ms]
2023-08-26 17:09:51.915 [info] > git ls-files --stage -- /root/fmdev/frontend/src/components/PreProcessingDialog/styles.js [8ms]
2023-08-26 17:09:51.932 [info] > git cat-file -s 33215dbeb72ec9091804a17ed6eb96d904a55cde [5ms]
2023-08-26 17:09:56.525 [info] > git show --textconv :frontend/src/components/PreProcessing/styles.js [23ms]
2023-08-26 17:09:56.536 [info] > git ls-files --stage -- /root/fmdev/frontend/src/components/PreProcessing/styles.js [17ms]
2023-08-26 17:09:56.553 [info] > git cat-file -s a0b0562315d84c854e5e580d6cd66fbda9b57718 [3ms]
2023-08-26 17:10:04.951 [info] > git config --get commit.template [11ms]
2023-08-26 17:10:04.952 [info] > git for-each-ref --format=%(refname)%00%(upstream:short)%00%(objectname)%00%(upstream:track)%00%(upstream:remotename)%00%(upstream:remoteref) refs/heads/main refs/remotes/main [2ms]
2023-08-26 17:10:04.970 [info] > git status -z -uall [7ms]
2023-08-26 17:10:10.961 [info] > git check-ignore -v -z --stdin [4ms]
2023-08-26 17:10:11.585 [info] > git show --textconv :frontend/src/components/Progress/index.js [45ms]
2023-08-26 17:10:11.606 [info] > git ls-files --stage -- /root/fmdev/frontend/src/components/Progress/index.js [22ms]
2023-08-26 17:10:11.635 [info] > git cat-file -s 191ee92a67b89cf4428f07af6503a7e2f5c29682 [8ms]
2023-08-26 17:10:11.749 [info] > git config --get commit.template [27ms]
2023-08-26 17:10:11.751 [info] > git for-each-ref --format=%(refname)%00%(upstream:short)%00%(objectname)%00%(upstream:track)%00%(upstream:remotename)%00%(upstream:remoteref) refs/heads/main refs/remotes/main [6ms]
2023-08-26 17:10:11.784 [info] > git status -z -uall [19ms]
2023-08-26 17:10:15.128 [info] > git check-ignore -v -z --stdin [1ms]
2023-08-26 17:10:15.479 [info] > git show --textconv :frontend/src/components/SideMenu/index.js [16ms]
2023-08-26 17:10:15.480 [info] > git ls-files --stage -- /root/fmdev/frontend/src/components/SideMenu/index.js [2ms]
2023-08-26 17:10:15.496 [info] > git cat-file -s 84a3f069af2c236a14ed1ec39d971d1bd8f67489 [2ms]
2023-08-26 17:10:16.815 [info] > git config --get commit.template [12ms]
2023-08-26 17:10:16.816 [info] > git for-each-ref --format=%(refname)%00%(upstream:short)%00%(objectname)%00%(upstream:track)%00%(upstream:remotename)%00%(upstream:remoteref) refs/heads/main refs/remotes/main [2ms]
2023-08-26 17:10:16.830 [info] > git status -z -uall [7ms]
2023-08-26 17:10:20.108 [info] > git show --textconv :frontend/src/components/AlertDialog/index.js [42ms]
2023-08-26 17:10:20.113 [info] > git ls-files --stage -- /root/fmdev/frontend/src/components/AlertDialog/index.js [15ms]
2023-08-26 17:10:20.157 [info] > git cat-file -s 66f9292998ec1c2ca0c41205fcfb105c3b663ad3 [18ms]
2023-08-26 17:10:21.864 [info] > git config --get commit.template [16ms]
2023-08-26 17:10:21.866 [info] > git for-each-ref --format=%(refname)%00%(upstream:short)%00%(objectname)%00%(upstream:track)%00%(upstream:remotename)%00%(upstream:remoteref) refs/heads/main refs/remotes/main [3ms]
2023-08-26 17:10:21.883 [info] > git status -z -uall [6ms]
2023-08-26 17:10:22.545 [info] > git show --textconv :frontend/src/components/BreadCrumb/index.js [12ms]
2023-08-26 17:10:22.547 [info] > git ls-files --stage -- /root/fmdev/frontend/src/components/BreadCrumb/index.js [2ms]
2023-08-26 17:10:22.560 [info] > git cat-file -s c5e402fb18cb43757a3493e5ca4eb05678f3cf32 [2ms]
2023-08-26 17:10:24.869 [info] > git show --textconv :frontend/src/components/Chart/index.js [23ms]
2023-08-26 17:10:24.871 [info] > git ls-files --stage -- /root/fmdev/frontend/src/components/Chart/index.js [3ms]
2023-08-26 17:10:24.890 [info] > git cat-file -s 08129ac43c3c90ced683b7774ceb57f5e9990088 [9ms]
2023-08-26 17:10:26.904 [info] > git config --get commit.template [1ms]
2023-08-26 17:10:26.914 [info] > git for-each-ref --format=%(refname)%00%(upstream:short)%00%(objectname)%00%(upstream:track)%00%(upstream:remotename)%00%(upstream:remoteref) refs/heads/main refs/remotes/main [2ms]
2023-08-26 17:10:26.929 [info] > git status -z -uall [6ms]
2023-08-26 17:10:32.009 [info] > git config --get commit.template [32ms]
2023-08-26 17:10:32.014 [info] > git for-each-ref --format=%(refname)%00%(upstream:short)%00%(objectname)%00%(upstream:track)%00%(upstream:remotename)%00%(upstream:remoteref) refs/heads/main refs/remotes/main [7ms]
2023-08-26 17:10:32.071 [info] > git status -z -uall [23ms]
2023-08-26 17:10:33.902 [info] > git check-ignore -v -z --stdin [2ms]
2023-08-26 17:10:34.279 [info] > git show --textconv :frontend/src/components/Dashboard/index.js [22ms]
2023-08-26 17:10:34.284 [info] > git ls-files --stage -- /root/fmdev/frontend/src/components/Dashboard/index.js [6ms]
2023-08-26 17:10:34.323 [info] > git cat-file -s 1d294c869d5d1393d968c9d7990f767d7e0e31dd [22ms]
2023-08-26 17:10:37.109 [info] > git config --get commit.template [3ms]
2023-08-26 17:10:37.125 [info] > git for-each-ref --format=%(refname)%00%(upstream:short)%00%(objectname)%00%(upstream:track)%00%(upstream:remotename)%00%(upstream:remoteref) refs/heads/main refs/remotes/main [4ms]
2023-08-26 17:10:37.152 [info] > git status -z -uall [13ms]
2023-08-26 17:10:42.175 [info] > git config --get commit.template [9ms]
2023-08-26 17:10:42.176 [info] > git for-each-ref --format=%(refname)%00%(upstream:short)%00%(objectname)%00%(upstream:track)%00%(upstream:remotename)%00%(upstream:remoteref) refs/heads/main refs/remotes/main [2ms]
2023-08-26 17:10:42.189 [info] > git status -z -uall [6ms]
2023-08-26 17:10:50.660 [info] > git check-ignore -v -z --stdin [6ms]
2023-08-26 17:10:51.081 [info] > git show --textconv :frontend/src/components/DataSource/index.js [55ms]
2023-08-26 17:10:51.105 [info] > git ls-files --stage -- /root/fmdev/frontend/src/components/DataSource/index.js [25ms]
2023-08-26 17:10:51.171 [info] > git cat-file -s 68ed884eb915265eff004dc12b38351cb6d50ec6 [21ms]
2023-08-26 17:10:51.565 [info] > git config --get commit.template [37ms]
2023-08-26 17:10:51.571 [info] > git for-each-ref --format=%(refname)%00%(upstream:short)%00%(objectname)%00%(upstream:track)%00%(upstream:remotename)%00%(upstream:remoteref) refs/heads/main refs/remotes/main [7ms]
2023-08-26 17:10:51.603 [info] > git status -z -uall [15ms]
2023-08-26 17:10:55.245 [info] > git show --textconv :frontend/src/components/DataSourceDialog/index.js [32ms]
2023-08-26 17:10:55.247 [info] > git ls-files --stage -- /root/fmdev/frontend/src/components/DataSourceDialog/index.js [4ms]
2023-08-26 17:10:55.293 [info] > git cat-file -s 605496e5b651c66925000d7b8455712468e7cb0b [30ms]
2023-08-26 17:10:56.657 [info] > git config --get commit.template [11ms]
2023-08-26 17:10:56.658 [info] > git for-each-ref --format=%(refname)%00%(upstream:short)%00%(objectname)%00%(upstream:track)%00%(upstream:remotename)%00%(upstream:remoteref) refs/heads/main refs/remotes/main [3ms]
2023-08-26 17:10:56.676 [info] > git status -z -uall [8ms]
2023-08-26 17:11:01.746 [info] > git show --textconv :frontend/src/components/Dialog/index.js [17ms]
2023-08-26 17:11:01.762 [info] > git ls-files --stage -- /root/fmdev/frontend/src/components/Dialog/index.js [17ms]
2023-08-26 17:11:01.801 [info] > git cat-file -s 1f856f7a2d5d681aeba39ce9b8b0de86909bef0d [10ms]
2023-08-26 17:11:02.087 [info] > git config --get commit.template [3ms]
2023-08-26 17:11:02.117 [info] > git for-each-ref --format=%(refname)%00%(upstream:short)%00%(objectname)%00%(upstream:track)%00%(upstream:remotename)%00%(upstream:remoteref) refs/heads/main refs/remotes/main [16ms]
2023-08-26 17:11:02.152 [info] > git status -z -uall [20ms]
2023-08-26 17:11:05.129 [info] > git ls-files --stage -- /root/fmdev/frontend/src/components/Indicators/index.js [6ms]
2023-08-26 17:11:05.153 [info] > git show --textconv :frontend/src/components/Indicators/index.js [44ms]
2023-08-26 17:11:05.165 [info] > git cat-file -s 7e815c5c367096188e86832fd934f0640c8fd0b6 [14ms]
2023-08-26 17:11:07.177 [info] > git config --get commit.template [9ms]
2023-08-26 17:11:07.178 [info] > git for-each-ref --format=%(refname)%00%(upstream:short)%00%(objectname)%00%(upstream:track)%00%(upstream:remotename)%00%(upstream:remoteref) refs/heads/main refs/remotes/main [2ms]
2023-08-26 17:11:07.192 [info] > git status -z -uall [7ms]
2023-08-26 17:11:12.216 [info] > git config --get commit.template [9ms]
2023-08-26 17:11:12.217 [info] > git for-each-ref --format=%(refname)%00%(upstream:short)%00%(objectname)%00%(upstream:track)%00%(upstream:remotename)%00%(upstream:remoteref) refs/heads/main refs/remotes/main [2ms]
2023-08-26 17:11:12.233 [info] > git status -z -uall [7ms]
2023-08-26 17:11:17.260 [info] > git config --get commit.template [10ms]
2023-08-26 17:11:17.262 [info] > git for-each-ref --format=%(refname)%00%(upstream:short)%00%(objectname)%00%(upstream:track)%00%(upstream:remotename)%00%(upstream:remoteref) refs/heads/main refs/remotes/main [3ms]
2023-08-26 17:11:17.278 [info] > git status -z -uall [7ms]
2023-08-26 17:11:21.859 [info] > git show --textconv :frontend/src/components/MoodleConfigDialog/styles.js [14ms]
2023-08-26 17:11:21.859 [info] > git ls-files --stage -- /root/fmdev/frontend/src/components/MoodleConfigDialog/styles.js [1ms]
2023-08-26 17:11:21.880 [info] > git cat-file -s e69de29bb2d1d6434b8b29ae775ad8c2e48c5391 [2ms]
2023-08-26 17:11:22.320 [info] > git config --get commit.template [22ms]
2023-08-26 17:11:22.323 [info] > git for-each-ref --format=%(refname)%00%(upstream:short)%00%(objectname)%00%(upstream:track)%00%(upstream:remotename)%00%(upstream:remoteref) refs/heads/main refs/remotes/main [10ms]
2023-08-26 17:11:22.352 [info] > git status -z -uall [14ms]
2023-08-26 17:11:22.629 [info] > git show --textconv :frontend/src/components/MoodleConfigDialog/index.js [21ms]
2023-08-26 17:11:22.642 [info] > git ls-files --stage -- /root/fmdev/frontend/src/components/MoodleConfigDialog/index.js [14ms]
2023-08-26 17:11:22.662 [info] > git cat-file -s f34329135a72ba43e014889bc6aebcedb44bf7b7 [4ms]
2023-08-26 17:11:27.379 [info] > git config --get commit.template [10ms]
2023-08-26 17:11:27.380 [info] > git for-each-ref --format=%(refname)%00%(upstream:short)%00%(objectname)%00%(upstream:track)%00%(upstream:remotename)%00%(upstream:remoteref) refs/heads/main refs/remotes/main [2ms]
2023-08-26 17:11:27.393 [info] > git status -z -uall [6ms]
2023-08-26 17:11:27.867 [info] > git show --textconv :frontend/src/components/Progress/index.js [18ms]
2023-08-26 17:11:27.878 [info] > git ls-files --stage -- /root/fmdev/frontend/src/components/Progress/index.js [12ms]
2023-08-26 17:11:27.912 [info] > git cat-file -s 191ee92a67b89cf4428f07af6503a7e2f5c29682 [14ms]
2023-08-26 17:11:30.278 [info] > git show --textconv :frontend/src/components/SideMenu/index.js [10ms]
2023-08-26 17:11:30.281 [info] > git ls-files --stage -- /root/fmdev/frontend/src/components/SideMenu/index.js [4ms]
2023-08-26 17:11:30.290 [info] > git cat-file -s 84a3f069af2c236a14ed1ec39d971d1bd8f67489 [1ms]
2023-08-26 17:11:32.425 [info] > git config --get commit.template [12ms]
2023-08-26 17:11:32.427 [info] > git for-each-ref --format=%(refname)%00%(upstream:short)%00%(objectname)%00%(upstream:track)%00%(upstream:remotename)%00%(upstream:remoteref) refs/heads/main refs/remotes/main [4ms]
2023-08-26 17:11:32.444 [info] > git status -z -uall [7ms]
2023-08-26 17:11:33.774 [info] > git show --textconv :frontend/src/components/Train/index.js [25ms]
2023-08-26 17:11:33.784 [info] > git ls-files --stage -- /root/fmdev/frontend/src/components/Train/index.js [11ms]
2023-08-26 17:11:33.810 [info] > git cat-file -s 93a85d89e7c7a4b9e7ec115b29d6335ded4da052 [6ms]
2023-08-26 17:11:37.469 [info] > git config --get commit.template [9ms]
2023-08-26 17:11:37.470 [info] > git for-each-ref --format=%(refname)%00%(upstream:short)%00%(objectname)%00%(upstream:track)%00%(upstream:remotename)%00%(upstream:remoteref) refs/heads/main refs/remotes/main [2ms]
2023-08-26 17:11:37.483 [info] > git status -z -uall [5ms]
2023-08-26 17:11:46.779 [info] > git config --get commit.template [9ms]
2023-08-26 17:11:46.780 [info] > git for-each-ref --format=%(refname)%00%(upstream:short)%00%(objectname)%00%(upstream:track)%00%(upstream:remotename)%00%(upstream:remoteref) refs/heads/main refs/remotes/main [2ms]
2023-08-26 17:11:46.795 [info] > git status -z -uall [7ms]
2023-08-26 17:11:50.005 [info] > git check-ignore -v -z --stdin [1ms]
2023-08-26 17:11:50.713 [info] > git show --textconv :frontend/src/components/TrainAlgorithmDialog/index.js [18ms]
2023-08-26 17:11:50.716 [info] > git ls-files --stage -- /root/fmdev/frontend/src/components/TrainAlgorithmDialog/index.js [4ms]
2023-08-26 17:11:50.749 [info] > git cat-file -s 8f33f1b74effe5c63d77338fb33b305902365c26 [14ms]
2023-08-26 17:11:51.820 [info] > git config --get commit.template [10ms]
2023-08-26 17:11:51.822 [info] > git for-each-ref --format=%(refname)%00%(upstream:short)%00%(objectname)%00%(upstream:track)%00%(upstream:remotename)%00%(upstream:remoteref) refs/heads/main refs/remotes/main [2ms]
2023-08-26 17:11:51.835 [info] > git status -z -uall [6ms]
2023-08-26 17:11:56.525 [info] > git check-ignore -v -z --stdin [1ms]
2023-08-26 17:11:56.869 [info] > git show --textconv :frontend/src/components/TrainConfigDialog/index.js [15ms]
2023-08-26 17:11:56.873 [info] > git ls-files --stage -- /root/fmdev/frontend/src/components/TrainConfigDialog/index.js [5ms]
2023-08-26 17:11:56.899 [info] > git cat-file -s d67fb274c8e6e459e0d6c321dec75523d5dcf58d [6ms]
2023-08-26 17:11:57.332 [info] > git config --get commit.template [25ms]
2023-08-26 17:11:57.336 [info] > git for-each-ref --format=%(refname)%00%(upstream:short)%00%(objectname)%00%(upstream:track)%00%(upstream:remotename)%00%(upstream:remoteref) refs/heads/main refs/remotes/main [7ms]
2023-08-26 17:11:57.375 [info] > git status -z -uall [13ms]
2023-08-26 17:12:02.422 [info] > git config --get commit.template [12ms]
2023-08-26 17:12:02.425 [info] > git for-each-ref --format=%(refname)%00%(upstream:short)%00%(objectname)%00%(upstream:track)%00%(upstream:remotename)%00%(upstream:remoteref) refs/heads/main refs/remotes/main [2ms]
2023-08-26 17:12:02.439 [info] > git status -z -uall [6ms]
2023-08-26 17:12:10.002 [info] > git config --get commit.template [17ms]
2023-08-26 17:12:10.003 [info] > git for-each-ref --format=%(refname)%00%(upstream:short)%00%(objectname)%00%(upstream:track)%00%(upstream:remotename)%00%(upstream:remoteref) refs/heads/main refs/remotes/main [2ms]
2023-08-26 17:12:10.028 [info] > git status -z -uall [8ms]
2023-08-26 17:12:26.240 [info] > git config --get commit.template [8ms]
2023-08-26 17:12:26.241 [info] > git for-each-ref --format=%(refname)%00%(upstream:short)%00%(objectname)%00%(upstream:track)%00%(upstream:remotename)%00%(upstream:remoteref) refs/heads/main refs/remotes/main [2ms]
2023-08-26 17:12:26.255 [info] > git status -z -uall [6ms]
2023-08-26 17:14:14.006 [info] > git config --get commit.template [15ms]
2023-08-26 17:14:14.010 [info] > git for-each-ref --format=%(refname)%00%(upstream:short)%00%(objectname)%00%(upstream:track)%00%(upstream:remotename)%00%(upstream:remoteref) refs/heads/main refs/remotes/main [4ms]
2023-08-26 17:14:14.046 [info] > git status -z -uall [13ms]
2023-08-26 17:14:33.487 [info] > git config --get commit.template [22ms]
2023-08-26 17:14:33.495 [info] > git for-each-ref --format=%(refname)%00%(upstream:short)%00%(objectname)%00%(upstream:track)%00%(upstream:remotename)%00%(upstream:remoteref) refs/heads/main refs/remotes/main [9ms]
2023-08-26 17:14:33.549 [info] > git status -z -uall [25ms]
2023-08-26 17:14:38.574 [info] > git config --get commit.template [10ms]
2023-08-26 17:14:38.576 [info] > git for-each-ref --format=%(refname)%00%(upstream:short)%00%(objectname)%00%(upstream:track)%00%(upstream:remotename)%00%(upstream:remoteref) refs/heads/main refs/remotes/main [2ms]
2023-08-26 17:14:38.590 [info] > git status -z -uall [5ms]
2023-08-26 17:15:26.264 [info] > git config --get commit.template [10ms]
2023-08-26 17:15:26.265 [info] > git for-each-ref --format=%(refname)%00%(upstream:short)%00%(objectname)%00%(upstream:track)%00%(upstream:remotename)%00%(upstream:remoteref) refs/heads/main refs/remotes/main [2ms]
2023-08-26 17:15:26.280 [info] > git status -z -uall [7ms]
2023-08-26 17:15:58.871 [info] > git show --textconv :frontend/src/constants/index.js [23ms]
2023-08-26 17:15:58.877 [info] > git ls-files --stage -- /root/fmdev/frontend/src/constants/index.js [7ms]
2023-08-26 17:15:58.896 [info] > git cat-file -s f79ed2072bd5cc78728490bf64ea183e901bc32a [6ms]
2023-08-26 17:16:00.077 [info] > git config --get commit.template [2ms]
2023-08-26 17:16:00.089 [info] > git for-each-ref --format=%(refname)%00%(upstream:short)%00%(objectname)%00%(upstream:track)%00%(upstream:remotename)%00%(upstream:remoteref) refs/heads/main refs/remotes/main [2ms]
2023-08-26 17:16:00.108 [info] > git status -z -uall [8ms]
2023-08-26 17:16:10.145 [info] > git config --get commit.template [2ms]
2023-08-26 17:16:10.156 [info] > git for-each-ref --format=%(refname)%00%(upstream:short)%00%(objectname)%00%(upstream:track)%00%(upstream:remotename)%00%(upstream:remoteref) refs/heads/main refs/remotes/main [2ms]
2023-08-26 17:16:10.178 [info] > git status -z -uall [8ms]
2023-08-26 17:16:16.487 [info] > git config --get commit.template [8ms]
2023-08-26 17:16:16.488 [info] > git for-each-ref --format=%(refname)%00%(upstream:short)%00%(objectname)%00%(upstream:track)%00%(upstream:remotename)%00%(upstream:remoteref) refs/heads/main refs/remotes/main [2ms]
2023-08-26 17:16:16.503 [info] > git status -z -uall [7ms]
2023-08-26 17:16:17.502 [info] > git show --textconv :frontend/src/components/PreProcessingDialog/index.js [16ms]
2023-08-26 17:16:17.505 [info] > git ls-files --stage -- /root/fmdev/frontend/src/components/PreProcessingDialog/index.js [4ms]
2023-08-26 17:16:17.519 [info] > git cat-file -s f3eb40d098244ca61c989758afa9c05372f32a5e [2ms]
2023-08-26 17:16:21.000 [info] > git show --textconv :frontend/src/components/TrainConfigDialog/index.js [26ms]
2023-08-26 17:16:21.009 [info] > git ls-files --stage -- /root/fmdev/frontend/src/components/TrainConfigDialog/index.js [10ms]
2023-08-26 17:16:21.050 [info] > git cat-file -s d67fb274c8e6e459e0d6c321dec75523d5dcf58d [13ms]
2023-08-26 17:16:23.331 [info] > git config --get commit.template [17ms]
2023-08-26 17:16:23.341 [info] > git for-each-ref --format=%(refname)%00%(upstream:short)%00%(objectname)%00%(upstream:track)%00%(upstream:remotename)%00%(upstream:remoteref) refs/heads/main refs/remotes/main [11ms]
2023-08-26 17:16:23.372 [info] > git status -z -uall [17ms]
2023-08-26 17:16:28.413 [info] > git config --get commit.template [11ms]
2023-08-26 17:16:28.414 [info] > git for-each-ref --format=%(refname)%00%(upstream:short)%00%(objectname)%00%(upstream:track)%00%(upstream:remotename)%00%(upstream:remoteref) refs/heads/main refs/remotes/main [2ms]
2023-08-26 17:16:28.432 [info] > git status -z -uall [8ms]
2023-08-26 17:16:34.103 [info] > git config --get commit.template [16ms]
2023-08-26 17:16:34.111 [info] > git for-each-ref --format=%(refname)%00%(upstream:short)%00%(objectname)%00%(upstream:track)%00%(upstream:remotename)%00%(upstream:remoteref) refs/heads/main refs/remotes/main [10ms]
2023-08-26 17:16:34.142 [info] > git status -z -uall [18ms]
2023-08-26 17:16:39.174 [info] > git config --get commit.template [11ms]
2023-08-26 17:16:39.175 [info] > git for-each-ref --format=%(refname)%00%(upstream:short)%00%(objectname)%00%(upstream:track)%00%(upstream:remotename)%00%(upstream:remoteref) refs/heads/main refs/remotes/main [2ms]
2023-08-26 17:16:39.194 [info] > git status -z -uall [7ms]
2023-08-26 17:17:33.568 [info] > git config --get commit.template [1ms]
2023-08-26 17:17:33.590 [info] > git for-each-ref --format=%(refname)%00%(upstream:short)%00%(objectname)%00%(upstream:track)%00%(upstream:remotename)%00%(upstream:remoteref) refs/heads/main refs/remotes/main [6ms]
2023-08-26 17:17:33.617 [info] > git status -z -uall [10ms]
2023-08-26 17:17:48.817 [info] > git config --get commit.template [23ms]
2023-08-26 17:17:48.817 [info] > git for-each-ref --format=%(refname)%00%(upstream:short)%00%(objectname)%00%(upstream:track)%00%(upstream:remotename)%00%(upstream:remoteref) refs/heads/main refs/remotes/main [1ms]
2023-08-26 17:17:48.853 [info] > git status -z -uall [13ms]
2023-08-26 17:18:26.295 [info] > git config --get commit.template [10ms]
2023-08-26 17:18:26.296 [info] > git for-each-ref --format=%(refname)%00%(upstream:short)%00%(objectname)%00%(upstream:track)%00%(upstream:remotename)%00%(upstream:remoteref) refs/heads/main refs/remotes/main [2ms]
2023-08-26 17:18:26.312 [info] > git status -z -uall [6ms]
2023-08-26 17:19:09.529 [info] > git config --get commit.template [5ms]
2023-08-26 17:19:09.568 [info] > git for-each-ref --format=%(refname)%00%(upstream:short)%00%(objectname)%00%(upstream:track)%00%(upstream:remotename)%00%(upstream:remoteref) refs/heads/main refs/remotes/main [8ms]
2023-08-26 17:19:09.595 [info] > git status -z -uall [13ms]
2023-08-26 17:19:25.838 [info] > git config --get commit.template [4ms]
2023-08-26 17:19:25.860 [info] > git for-each-ref --format=%(refname)%00%(upstream:short)%00%(objectname)%00%(upstream:track)%00%(upstream:remotename)%00%(upstream:remoteref) refs/heads/main refs/remotes/main [9ms]
2023-08-26 17:19:25.890 [info] > git status -z -uall [15ms]
2023-08-26 17:20:03.945 [info] > git config --get commit.template [14ms]
2023-08-26 17:20:03.947 [info] > git for-each-ref --format=%(refname)%00%(upstream:short)%00%(objectname)%00%(upstream:track)%00%(upstream:remotename)%00%(upstream:remoteref) refs/heads/main refs/remotes/main [4ms]
2023-08-26 17:20:03.973 [info] > git status -z -uall [10ms]
2023-08-26 17:20:26.295 [info] > git config --get commit.template [10ms]
2023-08-26 17:20:26.297 [info] > git for-each-ref --format=%(refname)%00%(upstream:short)%00%(objectname)%00%(upstream:track)%00%(upstream:remotename)%00%(upstream:remoteref) refs/heads/main refs/remotes/main [1ms]
2023-08-26 17:20:26.311 [info] > git status -z -uall [7ms]
2023-08-26 17:20:47.195 [info] > git config --get commit.template [26ms]
2023-08-26 17:20:47.249 [info] > git for-each-ref --format=%(refname)%00%(upstream:short)%00%(objectname)%00%(upstream:track)%00%(upstream:remotename)%00%(upstream:remoteref) refs/heads/main refs/remotes/main [54ms]
2023-08-26 17:20:47.376 [info] > git status -z -uall [65ms]
2023-08-26 17:20:48.113 [info] > git show --textconv :frontend/src/components/TrainConfigDialog/styles.js [48ms]
2023-08-26 17:20:48.122 [info] > git ls-files --stage -- /root/fmdev/frontend/src/components/TrainConfigDialog/styles.js [12ms]
2023-08-26 17:20:48.163 [info] > git cat-file -s d537daaa3a29281f38b70f28ed225d9437d64bac [3ms]
2023-08-26 17:20:48.860 [info] > git show --textconv :frontend/src/components/TrainConfigDialog/index.js [53ms]
2023-08-26 17:20:48.882 [info] > git ls-files --stage -- /root/fmdev/frontend/src/components/TrainConfigDialog/index.js [26ms]
2023-08-26 17:20:48.972 [info] > git cat-file -s d67fb274c8e6e459e0d6c321dec75523d5dcf58d [53ms]
