2023-08-21 21:01:54.001 [info] Log level: Info
2023-08-21 21:01:54.002 [info] Validating found git in: "git"
2023-08-21 21:01:54.002 [info] Using git "2.34.1" from "git"
2023-08-21 21:02:09.736 [info] Log level: Info
2023-08-21 21:02:09.736 [info] Validating found git in: "git"
2023-08-21 21:02:09.736 [info] Using git "2.34.1" from "git"
2023-08-21 21:02:09.792 [info] > git rev-parse --show-toplevel [50ms]
2023-08-21 21:02:09.836 [info] > git rev-parse --git-dir --git-common-dir [9ms]
2023-08-21 21:02:09.868 [info] Open repository: /root/fmdev
2023-08-21 21:02:09.961 [info] > git config --get commit.template [52ms]
2023-08-21 21:02:09.966 [info] > git rev-parse --show-toplevel [35ms]
2023-08-21 21:02:09.990 [info] > git rev-parse --show-toplevel [4ms]
2023-08-21 21:02:10.029 [info] > git rev-parse --show-toplevel [8ms]
2023-08-21 21:02:10.030 [info] > git for-each-ref --format=%(refname)%00%(upstream:short)%00%(objectname)%00%(upstream:track)%00%(upstream:remotename)%00%(upstream:remoteref) refs/heads/main refs/remotes/main [76ms]
2023-08-21 21:02:10.082 [info] > git status -z -uall [29ms]
2023-08-21 21:02:10.397 [info] > git config --get commit.template [236ms]
2023-08-21 21:02:10.397 [info] > git rev-parse --show-toplevel [248ms]
2023-08-21 21:02:10.433 [info] > git rev-parse --show-toplevel [1ms]
2023-08-21 21:02:10.433 [info] > git for-each-ref --format=%(refname)%00%(upstream:short)%00%(objectname)%00%(upstream:track)%00%(upstream:remotename)%00%(upstream:remoteref) refs/heads/main refs/remotes/main [22ms]
2023-08-21 21:02:10.464 [info] > git status -z -uall [6ms]
2023-08-21 21:02:11.446 [info] > git check-ignore -v -z --stdin [12ms]
2023-08-21 21:02:13.469 [info] > git check-ignore -v -z --stdin [3ms]
