2023-08-21 21:01:53.072 [info] Extension host with pid 21405 started
2023-08-21 21:01:53.349 [info] ExtensionService#_doActivateExtension vscode.git-base, startup: true, activationEvent: '*', root cause: vscode.git
2023-08-21 21:01:53.505 [info] ExtensionService#_doActivateExtension vscode.git, startup: true, activationEvent: '*'
2023-08-21 21:01:53.665 [info] ExtensionService#_doActivateExtension vscode.github, startup: true, activationEvent: '*'
2023-08-21 21:01:53.884 [info] Eager extensions activated
2023-08-21 21:01:54.055 [info] ExtensionService#_doActivateExtension vscode.github-authentication, startup: false, activationEvent: 'onAuthenticationRequest:github'
2023-08-21 21:01:54.158 [info] ExtensionService#_doActivateExtension vscode.debug-auto-launch, startup: false, activationEvent: 'onStartupFinished'
2023-08-21 21:01:54.168 [info] ExtensionService#_doActivateExtension vscode.merge-conflict, startup: false, activationEvent: 'onStartupFinished'
2023-08-21 21:01:54.371 [info] ExtensionService#_doActivateExtension vscode.microsoft-authentication, startup: false, activationEvent: 'onAuthenticationRequest:microsoft'
2023-08-21 21:02:02.019 [info] Extension host terminating: renderer closed the MessagePort
2023-08-21 21:02:02.035 [info] Extension host with pid 21405 exiting with code 0
2023-08-21 21:02:03.777 [info] Extension host with pid 21446 started
2023-08-21 21:02:03.777 [info] Skipping acquiring lock for /root/fmdev/~/root/User/workspaceStorage/5fc684f2ad51776c2c1b04a7be31994b.
2023-08-21 21:02:03.903 [info] ExtensionService#_doActivateExtension vscode.git-base, startup: true, activationEvent: '*'
2023-08-21 21:02:03.934 [info] ExtensionService#_doActivateExtension vscode.github, startup: true, activationEvent: '*'
2023-08-21 21:02:03.995 [info] Eager extensions activated
2023-08-21 21:02:04.023 [info] ExtensionService#_doActivateExtension vscode.debug-auto-launch, startup: false, activationEvent: 'onStartupFinished'
2023-08-21 21:02:04.027 [info] ExtensionService#_doActivateExtension vscode.merge-conflict, startup: false, activationEvent: 'onStartupFinished'
2023-08-21 21:02:04.783 [info] ExtensionService#_doActivateExtension vscode.github-authentication, startup: false, activationEvent: 'onAuthenticationRequest:github'
2023-08-21 21:02:05.124 [info] ExtensionService#_doActivateExtension vscode.microsoft-authentication, startup: false, activationEvent: 'onAuthenticationRequest:microsoft'
2023-08-21 21:02:09.465 [info] ExtensionService#_doActivateExtension vscode.git, startup: false, activationEvent: 'api', root cause: vscode.github
2023-08-21 21:02:10.115 [warning] [Decorations] CAPPING events from decorations provider vscode.git 428
2023-08-21 21:02:10.471 [warning] [Decorations] CAPPING events from decorations provider vscode.git 428
2023-08-21 21:02:10.531 [info] ExtensionService#_doActivateExtension vscode.emmet, startup: false, activationEvent: 'onLanguage'
